#
# There is insufficient memory for the Java Runtime Environment to continue.
# Native memory allocation (mmap) failed to map 413138944 bytes. Error detail: G1 virtual space
# Possible reasons:
#   The system is out of physical RAM or swap space
#   This process is running with CompressedOops enabled, and the Java Heap may be blocking the growth of the native heap
# Possible solutions:
#   Reduce memory load on the system
#   Increase physical memory or swap space
#   Check if swap backing store is full
#   Decrease Java heap size (-Xmx/-Xms)
#   Decrease number of Java threads
#   Decrease Java thread stack sizes (-Xss)
#   Set larger code cache with -XX:ReservedCodeCacheSize=
#   JVM is running with Unscaled Compressed Oops mode in which the Java heap is
#     placed in the first 4GB address space. The Java Heap base address is the
#     maximum limit for the native heap growth. Please use -XX:HeapBaseMinAddress
#     to set the Java Heap base and to place the Java Heap above 4GB virtual address.
# This output file may be truncated or incomplete.
#
#  Out of Memory Error (os_windows.cpp:3707), pid=18320, tid=17724
#
# JRE version: OpenJDK Runtime Environment (23.0.2+7) (build 23.0.2+7-58)
# Java VM: OpenJDK 64-Bit Server VM (23.0.2+7-58, mixed mode, sharing, tiered, compressed oops, compressed class ptrs, g1 gc, windows-amd64)
# Core dump will be written. Default location: C:\Users\Nesrine.Dhouioui\Downloads\IntegrationAPI\IntegrationAPI\IntegrationAPI\hs_err_pid18320.mdmp
#

---------------  S U M M A R Y ------------

Command Line: -javaagent:C:\Program Files\JetBrains\IntelliJ IDEA Community Edition 2024.3.3\lib\idea_rt.jar=55605:C:\Program Files\JetBrains\IntelliJ IDEA Community Edition 2024.3.3\bin -Dfile.encoding=UTF-8 -Dsun.stdout.encoding=UTF-8 -Dsun.stderr.encoding=UTF-8 -agentpath:C:\Program Files\Palo Alto Networks\Traps\cyjagent.dll com.example.IntegrationAPI.IntegrationApiApplication

Host: Intel(R) Xeon(R) CPU E5-2665 0 @ 2.40GHz, 4 cores, 7G,  Windows Server 2016 , 64 bit Build 14393 (10.0.14393.5786)
Time: Tue Mar 11 13:29:28 2025 Afrique du Centre-Ouest elapsed time: 44.906388 seconds (0d 0h 0m 44s)

---------------  T H R E A D  ---------------

Current thread (0x0000025947a95950):  VMThread "VM Thread"          [id=17724, stack(0x000000b5b3b00000,0x000000b5b3c00000) (1024K)]

Stack: [0x000000b5b3b00000,0x000000b5b3c00000]
Native frames: (J=compiled Java code, j=interpreted, Vv=VM code, C=native code)
V  [jvm.dll+0x6e0b99]  (no source info available)
V  [jvm.dll+0x87e2b3]  (no source info available)
V  [jvm.dll+0x88073e]  (no source info available)
V  [jvm.dll+0x880e13]  (no source info available)
V  [jvm.dll+0x27b006]  (no source info available)
V  [jvm.dll+0x6dd485]  (no source info available)
V  [jvm.dll+0x6d127a]  (no source info available)
V  [jvm.dll+0x35b50a]  (no source info available)
V  [jvm.dll+0x363916]  (no source info available)
V  [jvm.dll+0x34fe7e]  (no source info available)
V  [jvm.dll+0x350118]  (no source info available)
V  [jvm.dll+0x328aec]  (no source info available)
V  [jvm.dll+0x328b7a]  (no source info available)
V  [jvm.dll+0x374db2]  (no source info available)
V  [jvm.dll+0x3734b2]  (no source info available)
V  [jvm.dll+0x3282c7]  (no source info available)
V  [jvm.dll+0x372f78]  (no source info available)
V  [jvm.dll+0x886d50]  (no source info available)
V  [jvm.dll+0x888077]  (no source info available)
V  [jvm.dll+0x8885a8]  (no source info available)
V  [jvm.dll+0x888843]  (no source info available)
V  [jvm.dll+0x8254cb]  (no source info available)
V  [jvm.dll+0x6df345]  (no source info available)
C  [ucrtbase.dll+0x1fb80]  (no source info available)
C  [cyinjct.dll+0x11e7]  (no source info available)
C  [KERNEL32.DLL+0x84d4]  (no source info available)
C  [ntdll.dll+0x51a11]  (no source info available)

VM_Operation (0x000000b5b55fbb48): G1TryInitiateConcMark, mode: safepoint, requested by thread 0x000002599049d7d0


---------------  P R O C E S S  ---------------

Threads class SMR info:
_java_thread_list=0x0000025990744600, length=29, elements={
0x0000025947ab1ec0, 0x0000025947ab3ce0, 0x0000025947ab7a20, 0x0000025947ab8680,
0x0000025947abc330, 0x0000025947ac2280, 0x0000025947ac72e0, 0x0000025947aca8d0,
0x0000025947a7d680, 0x000002598d165560, 0x000002598d188b10, 0x00000259904d4e00,
0x00000259904d3a50, 0x00000259904d5490, 0x00000259904d5b20, 0x00000259904d33c0,
0x0000025990499cc0, 0x000002599049a9e0, 0x0000025990496ed0, 0x000002599049d7d0,
0x000002599049e4f0, 0x000002599049b070, 0x000002599049bd90, 0x000002599049b700,
0x0000025990497bf0, 0x0000025990498280, 0x0000025990497560, 0x000002599049c420,
0x000002599049cab0
}

Java Threads: ( => current thread )
  0x0000025947ab1ec0 JavaThread "Reference Handler"          daemon [_thread_blocked, id=15220, stack(0x000000b5b3c00000,0x000000b5b3d00000) (1024K)]
  0x0000025947ab3ce0 JavaThread "Finalizer"                  daemon [_thread_blocked, id=16552, stack(0x000000b5b3d00000,0x000000b5b3e00000) (1024K)]
  0x0000025947ab7a20 JavaThread "Signal Dispatcher"          daemon [_thread_blocked, id=416, stack(0x000000b5b3e00000,0x000000b5b3f00000) (1024K)]
  0x0000025947ab8680 JavaThread "Attach Listener"            daemon [_thread_blocked, id=18340, stack(0x000000b5b3f00000,0x000000b5b4000000) (1024K)]
  0x0000025947abc330 JavaThread "Service Thread"             daemon [_thread_blocked, id=3104, stack(0x000000b5b4000000,0x000000b5b4100000) (1024K)]
  0x0000025947ac2280 JavaThread "Monitor Deflation Thread"   daemon [_thread_blocked, id=15696, stack(0x000000b5b4100000,0x000000b5b4200000) (1024K)]
  0x0000025947ac72e0 JavaThread "C2 CompilerThread0"         daemon [_thread_blocked, id=20032, stack(0x000000b5b4200000,0x000000b5b4300000) (1024K)]
  0x0000025947aca8d0 JavaThread "C1 CompilerThread0"         daemon [_thread_blocked, id=19552, stack(0x000000b5b4300000,0x000000b5b4400000) (1024K)]
  0x0000025947a7d680 JavaThread "Common-Cleaner"             daemon [_thread_blocked, id=15196, stack(0x000000b5b4400000,0x000000b5b4500000) (1024K)]
  0x000002598d165560 JavaThread "Monitor Ctrl-Break"         daemon [_thread_in_native, id=19092, stack(0x000000b5b4500000,0x000000b5b4600000) (1024K)]
  0x000002598d188b10 JavaThread "Notification Thread"        daemon [_thread_blocked, id=19304, stack(0x000000b5b4600000,0x000000b5b4700000) (1024K)]
  0x00000259904d4e00 JavaThread "Catalina-utility-1"                [_thread_blocked, id=15124, stack(0x000000b5b4c00000,0x000000b5b4d00000) (1024K)]
  0x00000259904d3a50 JavaThread "Catalina-utility-2"                [_thread_blocked, id=18836, stack(0x000000b5b4d00000,0x000000b5b4e00000) (1024K)]
  0x00000259904d5490 JavaThread "container-0"                       [_thread_blocked, id=10868, stack(0x000000b5b4e00000,0x000000b5b4f00000) (1024K)]
  0x00000259904d5b20 JavaThread "mysql-cj-abandoned-connection-cleanup" daemon [_thread_blocked, id=15804, stack(0x000000b5b4f00000,0x000000b5b5000000) (1024K)]
  0x00000259904d33c0 JavaThread "PostgreSQL-JDBC-Cleaner"    daemon [_thread_blocked, id=17444, stack(0x000000b5b5100000,0x000000b5b5200000) (1024K)]
  0x0000025990499cc0 JavaThread "http-nio-9000-exec-1"       daemon [_thread_blocked, id=992, stack(0x000000b5b5200000,0x000000b5b5300000) (1024K)]
  0x000002599049a9e0 JavaThread "http-nio-9000-exec-2"       daemon [_thread_blocked, id=12568, stack(0x000000b5b5300000,0x000000b5b5400000) (1024K)]
  0x0000025990496ed0 JavaThread "http-nio-9000-exec-3"       daemon [_thread_blocked, id=14996, stack(0x000000b5b5400000,0x000000b5b5500000) (1024K)]
  0x000002599049d7d0 JavaThread "http-nio-9000-exec-4"       daemon [_thread_blocked, id=20412, stack(0x000000b5b5500000,0x000000b5b5600000) (1024K)]
  0x000002599049e4f0 JavaThread "http-nio-9000-exec-5"       daemon [_thread_blocked, id=1988, stack(0x000000b5b5600000,0x000000b5b5700000) (1024K)]
  0x000002599049b070 JavaThread "http-nio-9000-exec-6"       daemon [_thread_in_native, id=17828, stack(0x000000b5b5700000,0x000000b5b5800000) (1024K)]
  0x000002599049bd90 JavaThread "http-nio-9000-exec-7"       daemon [_thread_blocked, id=18484, stack(0x000000b5b5800000,0x000000b5b5900000) (1024K)]
  0x000002599049b700 JavaThread "http-nio-9000-exec-8"       daemon [_thread_blocked, id=18784, stack(0x000000b5b5900000,0x000000b5b5a00000) (1024K)]
  0x0000025990497bf0 JavaThread "http-nio-9000-exec-9"       daemon [_thread_blocked, id=19536, stack(0x000000b5b5a00000,0x000000b5b5b00000) (1024K)]
  0x0000025990498280 JavaThread "http-nio-9000-exec-10"      daemon [_thread_blocked, id=16424, stack(0x000000b5b5b00000,0x000000b5b5c00000) (1024K)]
  0x0000025990497560 JavaThread "http-nio-9000-Poller"       daemon [_thread_blocked, id=15416, stack(0x000000b5b5c00000,0x000000b5b5d00000) (1024K)]
  0x000002599049c420 JavaThread "http-nio-9000-Acceptor"     daemon [_thread_in_native, id=18244, stack(0x000000b5b5d00000,0x000000b5b5e00000) (1024K)]
  0x000002599049cab0 JavaThread "DestroyJavaVM"                     [_thread_blocked, id=15620, stack(0x000000b5b3400000,0x000000b5b3500000) (1024K)]
Total: 29

Other Threads:
=>0x0000025947a95950 VMThread "VM Thread"                           [id=17724, stack(0x000000b5b3b00000,0x000000b5b3c00000) (1024K)]
  0x0000025947a7c800 WatcherThread "VM Periodic Task Thread"        [id=1232, stack(0x000000b5b3a00000,0x000000b5b3b00000) (1024K)]
  0x000002592b36fab0 WorkerThread "GC Thread#0"                     [id=19592, stack(0x000000b5b3500000,0x000000b5b3600000) (1024K)]
  0x000002598d7c3280 WorkerThread "GC Thread#1"                     [id=16784, stack(0x000000b5b4700000,0x000000b5b4800000) (1024K)]
  0x000002598d7c3630 WorkerThread "GC Thread#2"                     [id=16648, stack(0x000000b5b4800000,0x000000b5b4900000) (1024K)]
  0x000002598d7f98f0 WorkerThread "GC Thread#3"                     [id=17404, stack(0x000000b5b4900000,0x000000b5b4a00000) (1024K)]
  0x000002592b384cb0 ConcurrentGCThread "G1 Main Marker"            [id=2584, stack(0x000000b5b3600000,0x000000b5b3700000) (1024K)]
  0x000002592b3857c0 WorkerThread "G1 Conc#0"                       [id=14276, stack(0x000000b5b3700000,0x000000b5b3800000) (1024K)]
  0x00000259479415a0 ConcurrentGCThread "G1 Refine#0"               [id=19372, stack(0x000000b5b3800000,0x000000b5b3900000) (1024K)]
  0x0000025947943090 ConcurrentGCThread "G1 Service"                [id=16936, stack(0x000000b5b3900000,0x000000b5b3a00000) (1024K)]
Total: 10

Threads with active compile tasks:
Total: 0

VM state: at safepoint (normal execution)

VM Mutex/Monitor currently owned by a thread:  ([mutex/lock_event])
[0x00007ffc59f74888] Threads_lock - owner thread: 0x0000025947a95950
[0x00007ffc59f74988] Heap_lock - owner thread: 0x000002599049d7d0

Heap address: 0x0000000080000000, size: 2048 MB, Compressed Oops mode: 32-bit

CDS archive(s) mapped at: [0x0000025948000000-0x0000025948d70000-0x0000025948d70000), size 14090240, SharedBaseAddress: 0x0000025948000000, ArchiveRelocationMode: 1.
Compressed class space mapped at: 0x0000025949000000-0x0000025989000000, reserved size: 1073741824
Narrow klass base: 0x0000025948000000, Narrow klass shift: 0, Narrow klass range: 0x41000000

GC Precious Log:
 CardTable entry size: 512
 Card Set container configuration: InlinePtr #cards 5 size 8 Array Of Cards #cards 10 size 36 Howl #buckets 4 coarsen threshold 1843 Howl Bitmap #cards 512 size 80 coarsen threshold 460 Card regions per heap region 1 cards per card region 2048
 CPUs: 4 total, 4 available
 Memory: 8191M
 Large Page Support: Disabled
 NUMA Support: Disabled
 Compressed Oops: Enabled (32-bit)
 Heap Region Size: 1M
 Heap Min Capacity: 8M
 Heap Initial Capacity: 128M
 Heap Max Capacity: 2G
 Pre-touch: Disabled
 Parallel Workers: 4
 Concurrent Workers: 1
 Concurrent Refinement Workers: 4
 Periodic GC: Disabled

Heap:
 garbage-first heap   total reserved 2097152K, committed 253952K, used 203776K [0x0000000080000000, 0x0000000100000000)
  region size 1024K, 4 young (4096K), 4 survivors (4096K)
 Metaspace       used 78941K, committed 79680K, reserved 1179648K
  class space    used 10942K, committed 11264K, reserved 1048576K

Heap Regions: E=young(eden), S=young(survivor), O=old, HS=humongous(starts), HC=humongous(continues), CS=collection set, F=free, TAMS=top-at-mark-start, PB=parsable bottom
|   0|0x0000000080000000, 0x0000000080100000, 0x0000000080100000|100%|HS|  |TAMS 0x0000000080100000| PB 0x0000000080000000| Complete |  0
|   1|0x0000000080100000, 0x0000000080200000, 0x0000000080200000|100%|HS|  |TAMS 0x0000000080200000| PB 0x0000000080100000| Complete |  0
|   2|0x0000000080200000, 0x0000000080300000, 0x0000000080300000|100%| O|  |TAMS 0x0000000080300000| PB 0x0000000080200000| Untracked |  0
|   3|0x0000000080300000, 0x0000000080400000, 0x0000000080400000|100%| O|  |TAMS 0x0000000080400000| PB 0x0000000080300000| Untracked |  0
|   4|0x0000000080400000, 0x0000000080500000, 0x0000000080500000|100%| O|  |TAMS 0x0000000080500000| PB 0x0000000080400000| Untracked |  0
|   5|0x0000000080500000, 0x0000000080600000, 0x0000000080600000|100%| O|  |TAMS 0x0000000080600000| PB 0x0000000080500000| Untracked |  0
|   6|0x0000000080600000, 0x0000000080700000, 0x0000000080700000|100%| O|  |TAMS 0x0000000080700000| PB 0x0000000080600000| Untracked |  0
|   7|0x0000000080700000, 0x0000000080800000, 0x0000000080800000|100%| O|  |TAMS 0x0000000080800000| PB 0x0000000080700000| Untracked |  0
|   8|0x0000000080800000, 0x0000000080900000, 0x0000000080900000|100%| O|  |TAMS 0x0000000080900000| PB 0x0000000080800000| Untracked |  0
|   9|0x0000000080900000, 0x0000000080a00000, 0x0000000080a00000|100%| O|  |TAMS 0x0000000080a00000| PB 0x0000000080900000| Untracked |  0
|  10|0x0000000080a00000, 0x0000000080b00000, 0x0000000080b00000|100%| O|  |TAMS 0x0000000080b00000| PB 0x0000000080a00000| Untracked |  0
|  11|0x0000000080b00000, 0x0000000080c00000, 0x0000000080c00000|100%| O|  |TAMS 0x0000000080c00000| PB 0x0000000080b00000| Untracked |  0
|  12|0x0000000080c00000, 0x0000000080d00000, 0x0000000080d00000|100%| O|  |TAMS 0x0000000080d00000| PB 0x0000000080c00000| Untracked |  0
|  13|0x0000000080d00000, 0x0000000080e00000, 0x0000000080e00000|100%| O|  |TAMS 0x0000000080e00000| PB 0x0000000080d00000| Untracked |  0
|  14|0x0000000080e00000, 0x0000000080f00000, 0x0000000080f00000|100%| O|  |TAMS 0x0000000080f00000| PB 0x0000000080e00000| Untracked |  0
|  15|0x0000000080f00000, 0x0000000081000000, 0x0000000081000000|100%| O|  |TAMS 0x0000000081000000| PB 0x0000000080f00000| Untracked |  0
|  16|0x0000000081000000, 0x0000000081100000, 0x0000000081100000|100%| O|  |TAMS 0x0000000081100000| PB 0x0000000081000000| Untracked |  0
|  17|0x0000000081100000, 0x0000000081200000, 0x0000000081200000|100%| O|  |TAMS 0x0000000081200000| PB 0x0000000081100000| Untracked |  0
|  18|0x0000000081200000, 0x0000000081300000, 0x0000000081300000|100%| O|  |TAMS 0x0000000081300000| PB 0x0000000081200000| Untracked |  0
|  19|0x0000000081300000, 0x0000000081400000, 0x0000000081400000|100%|HS|  |TAMS 0x0000000081400000| PB 0x0000000081300000| Complete |  0
|  20|0x0000000081400000, 0x0000000081500000, 0x0000000081500000|100%| O|  |TAMS 0x0000000081500000| PB 0x0000000081400000| Untracked |  0
|  21|0x0000000081500000, 0x0000000081600000, 0x0000000081600000|100%| O|  |TAMS 0x0000000081600000| PB 0x0000000081500000| Untracked |  0
|  22|0x0000000081600000, 0x0000000081700000, 0x0000000081700000|100%| O|  |TAMS 0x0000000081700000| PB 0x0000000081600000| Untracked |  0
|  23|0x0000000081700000, 0x0000000081800000, 0x0000000081800000|100%| O|  |TAMS 0x0000000081800000| PB 0x0000000081700000| Untracked |  0
|  24|0x0000000081800000, 0x0000000081900000, 0x0000000081900000|100%| O|  |TAMS 0x0000000081900000| PB 0x0000000081800000| Untracked |  0
|  25|0x0000000081900000, 0x0000000081a00000, 0x0000000081a00000|100%| O|  |TAMS 0x0000000081a00000| PB 0x0000000081900000| Untracked |  0
|  26|0x0000000081a00000, 0x0000000081b00000, 0x0000000081b00000|100%| O|  |TAMS 0x0000000081b00000| PB 0x0000000081a00000| Untracked |  0
|  27|0x0000000081b00000, 0x0000000081c00000, 0x0000000081c00000|100%| O|  |TAMS 0x0000000081c00000| PB 0x0000000081b00000| Untracked |  0
|  28|0x0000000081c00000, 0x0000000081d00000, 0x0000000081d00000|100%| O|  |TAMS 0x0000000081d00000| PB 0x0000000081c00000| Untracked |  0
|  29|0x0000000081d00000, 0x0000000081e00000, 0x0000000081e00000|100%| O|  |TAMS 0x0000000081e00000| PB 0x0000000081d00000| Untracked |  0
|  30|0x0000000081e00000, 0x0000000081f00000, 0x0000000081f00000|100%| O|  |TAMS 0x0000000081f00000| PB 0x0000000081e00000| Untracked |  0
|  31|0x0000000081f00000, 0x0000000082000000, 0x0000000082000000|100%| O|  |TAMS 0x0000000082000000| PB 0x0000000081f00000| Untracked |  0
|  32|0x0000000082000000, 0x0000000082100000, 0x0000000082100000|100%| O|  |TAMS 0x0000000082100000| PB 0x0000000082000000| Untracked |  0
|  33|0x0000000082100000, 0x0000000082200000, 0x0000000082200000|100%| O|  |TAMS 0x0000000082200000| PB 0x0000000082100000| Untracked |  0
|  34|0x0000000082200000, 0x0000000082300000, 0x0000000082300000|100%| O|  |TAMS 0x0000000082300000| PB 0x0000000082200000| Untracked |  0
|  35|0x0000000082300000, 0x0000000082400000, 0x0000000082400000|100%| O|  |TAMS 0x0000000082400000| PB 0x0000000082300000| Untracked |  0
|  36|0x0000000082400000, 0x0000000082500000, 0x0000000082500000|100%| O|  |TAMS 0x0000000082500000| PB 0x0000000082400000| Untracked |  0
|  37|0x0000000082500000, 0x0000000082600000, 0x0000000082600000|100%|HS|  |TAMS 0x0000000082600000| PB 0x0000000082500000| Complete |  0
|  38|0x0000000082600000, 0x0000000082700000, 0x0000000082700000|100%| O|  |TAMS 0x0000000082700000| PB 0x0000000082600000| Untracked |  0
|  39|0x0000000082700000, 0x0000000082800000, 0x0000000082800000|100%| O|  |TAMS 0x0000000082800000| PB 0x0000000082700000| Untracked |  0
|  40|0x0000000082800000, 0x0000000082900000, 0x0000000082900000|100%|HS|  |TAMS 0x0000000082900000| PB 0x0000000082800000| Complete |  0
|  41|0x0000000082900000, 0x0000000082a00000, 0x0000000082a00000|100%| O|  |TAMS 0x0000000082a00000| PB 0x0000000082900000| Untracked |  0
|  42|0x0000000082a00000, 0x0000000082b00000, 0x0000000082b00000|100%| O|  |TAMS 0x0000000082b00000| PB 0x0000000082a00000| Untracked |  0
|  43|0x0000000082b00000, 0x0000000082c00000, 0x0000000082c00000|100%| O|  |TAMS 0x0000000082c00000| PB 0x0000000082b00000| Untracked |  0
|  44|0x0000000082c00000, 0x0000000082d00000, 0x0000000082d00000|100%|HS|  |TAMS 0x0000000082d00000| PB 0x0000000082c00000| Complete |  0
|  45|0x0000000082d00000, 0x0000000082e00000, 0x0000000082e00000|100%|HC|  |TAMS 0x0000000082e00000| PB 0x0000000082d00000| Complete |  0
|  46|0x0000000082e00000, 0x0000000082f00000, 0x0000000082f00000|100%|HC|  |TAMS 0x0000000082f00000| PB 0x0000000082e00000| Complete |  0
|  47|0x0000000082f00000, 0x0000000083000000, 0x0000000083000000|100%| O|  |TAMS 0x0000000083000000| PB 0x0000000082f00000| Untracked |  0
|  48|0x0000000083000000, 0x0000000083100000, 0x0000000083100000|100%| O|  |TAMS 0x0000000083100000| PB 0x0000000083000000| Untracked |  0
|  49|0x0000000083100000, 0x0000000083200000, 0x0000000083200000|100%| O|  |TAMS 0x0000000083200000| PB 0x0000000083100000| Untracked |  0
|  50|0x0000000083200000, 0x0000000083300000, 0x0000000083300000|100%| O|  |TAMS 0x0000000083300000| PB 0x0000000083200000| Untracked |  0
|  51|0x0000000083300000, 0x0000000083400000, 0x0000000083400000|100%| O|  |TAMS 0x0000000083400000| PB 0x0000000083300000| Untracked |  0
|  52|0x0000000083400000, 0x0000000083500000, 0x0000000083500000|100%| O|  |TAMS 0x0000000083500000| PB 0x0000000083400000| Untracked |  0
|  53|0x0000000083500000, 0x0000000083600000, 0x0000000083600000|100%| O|  |TAMS 0x0000000083600000| PB 0x0000000083500000| Untracked |  0
|  54|0x0000000083600000, 0x0000000083700000, 0x0000000083700000|100%| O|  |TAMS 0x0000000083700000| PB 0x0000000083600000| Untracked |  0
|  55|0x0000000083700000, 0x0000000083800000, 0x0000000083800000|100%| O|  |TAMS 0x0000000083800000| PB 0x0000000083700000| Untracked |  0
|  56|0x0000000083800000, 0x0000000083900000, 0x0000000083900000|100%|HS|  |TAMS 0x0000000083900000| PB 0x0000000083800000| Complete |  0
|  57|0x0000000083900000, 0x0000000083a00000, 0x0000000083a00000|100%|HC|  |TAMS 0x0000000083a00000| PB 0x0000000083900000| Complete |  0
|  58|0x0000000083a00000, 0x0000000083b00000, 0x0000000083b00000|100%| O|  |TAMS 0x0000000083b00000| PB 0x0000000083a00000| Untracked |  0
|  59|0x0000000083b00000, 0x0000000083c00000, 0x0000000083c00000|100%| O|  |TAMS 0x0000000083c00000| PB 0x0000000083b00000| Untracked |  0
|  60|0x0000000083c00000, 0x0000000083d00000, 0x0000000083d00000|100%| O|  |TAMS 0x0000000083d00000| PB 0x0000000083c00000| Untracked |  0
|  61|0x0000000083d00000, 0x0000000083e00000, 0x0000000083e00000|100%| O|  |TAMS 0x0000000083e00000| PB 0x0000000083d00000| Untracked |  0
|  62|0x0000000083e00000, 0x0000000083f00000, 0x0000000083f00000|100%| O|  |TAMS 0x0000000083f00000| PB 0x0000000083e00000| Untracked |  0
|  63|0x0000000083f00000, 0x0000000084000000, 0x0000000084000000|100%| O|  |TAMS 0x0000000084000000| PB 0x0000000083f00000| Untracked |  0
|  64|0x0000000084000000, 0x0000000084100000, 0x0000000084100000|100%| O|  |TAMS 0x0000000084100000| PB 0x0000000084000000| Untracked |  0
|  65|0x0000000084100000, 0x0000000084200000, 0x0000000084200000|100%| O|  |TAMS 0x0000000084200000| PB 0x0000000084100000| Untracked |  0
|  66|0x0000000084200000, 0x0000000084300000, 0x0000000084300000|100%| O|  |TAMS 0x0000000084300000| PB 0x0000000084200000| Untracked |  0
|  67|0x0000000084300000, 0x0000000084400000, 0x0000000084400000|100%| O|  |TAMS 0x0000000084400000| PB 0x0000000084300000| Untracked |  0
|  68|0x0000000084400000, 0x0000000084500000, 0x0000000084500000|100%| O|  |TAMS 0x0000000084500000| PB 0x0000000084400000| Untracked |  0
|  69|0x0000000084500000, 0x0000000084600000, 0x0000000084600000|100%| O|  |TAMS 0x0000000084500000| PB 0x0000000084500000| Untracked |  0
|  70|0x0000000084600000, 0x0000000084700000, 0x0000000084700000|100%| O|  |TAMS 0x0000000084600000| PB 0x0000000084600000| Untracked |  0
|  71|0x0000000084700000, 0x0000000084800000, 0x0000000084800000|100%| O|  |TAMS 0x0000000084800000| PB 0x0000000084700000| Untracked |  0
|  72|0x0000000084800000, 0x0000000084900000, 0x0000000084900000|100%| O|  |TAMS 0x0000000084900000| PB 0x0000000084800000| Untracked |  0
|  73|0x0000000084900000, 0x0000000084a00000, 0x0000000084a00000|100%| O|  |TAMS 0x0000000084a00000| PB 0x0000000084900000| Untracked |  0
|  74|0x0000000084a00000, 0x0000000084b00000, 0x0000000084b00000|100%| O|  |TAMS 0x0000000084b00000| PB 0x0000000084a00000| Untracked |  0
|  75|0x0000000084b00000, 0x0000000084c00000, 0x0000000084c00000|100%| O|  |TAMS 0x0000000084c00000| PB 0x0000000084b00000| Untracked |  0
|  76|0x0000000084c00000, 0x0000000084d00000, 0x0000000084d00000|100%| O|  |TAMS 0x0000000084d00000| PB 0x0000000084c00000| Untracked |  0
|  77|0x0000000084d00000, 0x0000000084e00000, 0x0000000084e00000|100%| O|  |TAMS 0x0000000084d00000| PB 0x0000000084d00000| Untracked |  0
|  78|0x0000000084e00000, 0x0000000084f00000, 0x0000000084f00000|100%| O|  |TAMS 0x0000000084e00000| PB 0x0000000084e00000| Untracked |  0
|  79|0x0000000084f00000, 0x0000000085000000, 0x0000000085000000|100%| O|  |TAMS 0x0000000084f00000| PB 0x0000000084f00000| Untracked |  0
|  80|0x0000000085000000, 0x0000000085100000, 0x0000000085100000|100%| O|  |TAMS 0x0000000085000000| PB 0x0000000085000000| Untracked |  0
|  81|0x0000000085100000, 0x0000000085200000, 0x0000000085200000|100%| O|  |TAMS 0x0000000085100000| PB 0x0000000085100000| Untracked |  0
|  82|0x0000000085200000, 0x0000000085300000, 0x0000000085300000|100%| O|  |TAMS 0x0000000085300000| PB 0x0000000085200000| Untracked |  0
|  83|0x0000000085300000, 0x0000000085400000, 0x0000000085400000|100%| O|  |TAMS 0x0000000085400000| PB 0x0000000085300000| Untracked |  0
|  84|0x0000000085400000, 0x0000000085500000, 0x0000000085500000|100%| O|  |TAMS 0x0000000085500000| PB 0x0000000085400000| Untracked |  0
|  85|0x0000000085500000, 0x0000000085600000, 0x0000000085600000|100%| O|  |TAMS 0x0000000085600000| PB 0x0000000085500000| Untracked |  0
|  86|0x0000000085600000, 0x0000000085700000, 0x0000000085700000|100%| O|  |TAMS 0x0000000085700000| PB 0x0000000085600000| Untracked |  0
|  87|0x0000000085700000, 0x0000000085800000, 0x0000000085800000|100%| O|  |TAMS 0x0000000085700000| PB 0x0000000085700000| Untracked |  0
|  88|0x0000000085800000, 0x0000000085900000, 0x0000000085900000|100%| O|  |TAMS 0x0000000085900000| PB 0x0000000085800000| Untracked |  0
|  89|0x0000000085900000, 0x0000000085a00000, 0x0000000085a00000|100%| O|  |TAMS 0x0000000085a00000| PB 0x0000000085900000| Untracked |  0
|  90|0x0000000085a00000, 0x0000000085b00000, 0x0000000085b00000|100%| O|  |TAMS 0x0000000085b00000| PB 0x0000000085a00000| Untracked |  0
|  91|0x0000000085b00000, 0x0000000085c00000, 0x0000000085c00000|100%| O|  |TAMS 0x0000000085c00000| PB 0x0000000085b00000| Untracked |  0
|  92|0x0000000085c00000, 0x0000000085d00000, 0x0000000085d00000|100%| O|  |TAMS 0x0000000085d00000| PB 0x0000000085c00000| Untracked |  0
|  93|0x0000000085d00000, 0x0000000085e00000, 0x0000000085e00000|100%|HS|  |TAMS 0x0000000085e00000| PB 0x0000000085d00000| Complete |  0
|  94|0x0000000085e00000, 0x0000000085f00000, 0x0000000085f00000|100%|HS|  |TAMS 0x0000000085f00000| PB 0x0000000085e00000| Complete |  0
|  95|0x0000000085f00000, 0x0000000086000000, 0x0000000086000000|100%|HC|  |TAMS 0x0000000086000000| PB 0x0000000085f00000| Complete |  0
|  96|0x0000000086000000, 0x0000000086100000, 0x0000000086100000|100%|HS|  |TAMS 0x0000000086100000| PB 0x0000000086000000| Complete |  0
|  97|0x0000000086100000, 0x0000000086200000, 0x0000000086200000|100%| O|  |TAMS 0x0000000086200000| PB 0x0000000086100000| Untracked |  0
|  98|0x0000000086200000, 0x0000000086300000, 0x0000000086300000|100%|HS|  |TAMS 0x0000000086300000| PB 0x0000000086200000| Complete |  0
|  99|0x0000000086300000, 0x0000000086400000, 0x0000000086400000|100%| O|  |TAMS 0x0000000086400000| PB 0x0000000086300000| Untracked |  0
| 100|0x0000000086400000, 0x0000000086500000, 0x0000000086500000|100%| O|  |TAMS 0x0000000086400000| PB 0x0000000086400000| Untracked |  0
| 101|0x0000000086500000, 0x0000000086600000, 0x0000000086600000|100%| O|  |TAMS 0x0000000086600000| PB 0x0000000086500000| Untracked |  0
| 102|0x0000000086600000, 0x0000000086700000, 0x0000000086700000|100%| O|  |TAMS 0x0000000086700000| PB 0x0000000086600000| Untracked |  0
| 103|0x0000000086700000, 0x0000000086800000, 0x0000000086800000|100%| O|  |TAMS 0x0000000086800000| PB 0x0000000086700000| Untracked |  0
| 104|0x0000000086800000, 0x0000000086900000, 0x0000000086900000|100%| O|  |TAMS 0x0000000086900000| PB 0x0000000086800000| Untracked |  0
| 105|0x0000000086900000, 0x0000000086a00000, 0x0000000086a00000|100%| O|  |TAMS 0x0000000086a00000| PB 0x0000000086900000| Untracked |  0
| 106|0x0000000086a00000, 0x0000000086b00000, 0x0000000086b00000|100%| O|  |TAMS 0x0000000086b00000| PB 0x0000000086a00000| Untracked |  0
| 107|0x0000000086b00000, 0x0000000086c00000, 0x0000000086c00000|100%|HS|  |TAMS 0x0000000086c00000| PB 0x0000000086b00000| Complete |  0
| 108|0x0000000086c00000, 0x0000000086d00000, 0x0000000086d00000|100%| O|  |TAMS 0x0000000086d00000| PB 0x0000000086c00000| Untracked |  0
| 109|0x0000000086d00000, 0x0000000086e00000, 0x0000000086e00000|100%| O|  |TAMS 0x0000000086d00000| PB 0x0000000086d00000| Untracked |  0
| 110|0x0000000086e00000, 0x0000000086f00000, 0x0000000086f00000|100%| O|  |TAMS 0x0000000086f00000| PB 0x0000000086e00000| Untracked |  0
| 111|0x0000000086f00000, 0x0000000087000000, 0x0000000087000000|100%| O|  |TAMS 0x0000000087000000| PB 0x0000000086f00000| Untracked |  0
| 112|0x0000000087000000, 0x0000000087100000, 0x0000000087100000|100%| O|  |TAMS 0x0000000087100000| PB 0x0000000087000000| Untracked |  0
| 113|0x0000000087100000, 0x0000000087200000, 0x0000000087200000|100%| O|  |TAMS 0x0000000087200000| PB 0x0000000087100000| Untracked |  0
| 114|0x0000000087200000, 0x0000000087300000, 0x0000000087300000|100%| O|  |TAMS 0x0000000087300000| PB 0x0000000087200000| Untracked |  0
| 115|0x0000000087300000, 0x0000000087400000, 0x0000000087400000|100%| O|  |TAMS 0x0000000087400000| PB 0x0000000087300000| Untracked |  0
| 116|0x0000000087400000, 0x0000000087500000, 0x0000000087500000|100%| O|  |TAMS 0x0000000087500000| PB 0x0000000087400000| Untracked |  0
| 117|0x0000000087500000, 0x0000000087600000, 0x0000000087600000|100%| O|  |TAMS 0x0000000087600000| PB 0x0000000087500000| Untracked |  0
| 118|0x0000000087600000, 0x0000000087700000, 0x0000000087700000|100%| O|  |TAMS 0x0000000087700000| PB 0x0000000087600000| Untracked |  0
| 119|0x0000000087700000, 0x0000000087800000, 0x0000000087800000|100%| O|  |TAMS 0x0000000087800000| PB 0x0000000087700000| Untracked |  0
| 120|0x0000000087800000, 0x0000000087900000, 0x0000000087900000|100%| O|  |TAMS 0x0000000087900000| PB 0x0000000087800000| Untracked |  0
| 121|0x0000000087900000, 0x0000000087a00000, 0x0000000087a00000|100%| O|  |TAMS 0x0000000087a00000| PB 0x0000000087900000| Untracked |  0
| 122|0x0000000087a00000, 0x0000000087b00000, 0x0000000087b00000|100%| O|  |TAMS 0x0000000087a00000| PB 0x0000000087a00000| Untracked |  0
| 123|0x0000000087b00000, 0x0000000087c00000, 0x0000000087c00000|100%| O|  |TAMS 0x0000000087c00000| PB 0x0000000087b00000| Untracked |  0
| 124|0x0000000087c00000, 0x0000000087d00000, 0x0000000087d00000|100%| O|  |TAMS 0x0000000087d00000| PB 0x0000000087c00000| Untracked |  0
| 125|0x0000000087d00000, 0x0000000087e00000, 0x0000000087e00000|100%| O|  |TAMS 0x0000000087e00000| PB 0x0000000087d00000| Untracked |  0
| 126|0x0000000087e00000, 0x0000000087f00000, 0x0000000087f00000|100%| O|  |TAMS 0x0000000087e00000| PB 0x0000000087e00000| Untracked |  0
| 127|0x0000000087f00000, 0x0000000088000000, 0x0000000088000000|100%| O|  |TAMS 0x0000000088000000| PB 0x0000000087f00000| Untracked |  0
| 128|0x0000000088000000, 0x0000000088100000, 0x0000000088100000|100%| O|  |TAMS 0x0000000088100000| PB 0x0000000088000000| Untracked |  0
| 129|0x0000000088100000, 0x0000000088200000, 0x0000000088200000|100%| O|  |TAMS 0x0000000088200000| PB 0x0000000088100000| Untracked |  0
| 130|0x0000000088200000, 0x0000000088300000, 0x0000000088300000|100%| O|  |TAMS 0x0000000088300000| PB 0x0000000088200000| Untracked |  0
| 131|0x0000000088300000, 0x0000000088400000, 0x0000000088400000|100%| O|  |TAMS 0x0000000088400000| PB 0x0000000088300000| Untracked |  0
| 132|0x0000000088400000, 0x0000000088500000, 0x0000000088500000|100%| O|  |TAMS 0x0000000088500000| PB 0x0000000088400000| Untracked |  0
| 133|0x0000000088500000, 0x0000000088600000, 0x0000000088600000|100%| O|  |TAMS 0x0000000088600000| PB 0x0000000088500000| Untracked |  0
| 134|0x0000000088600000, 0x0000000088700000, 0x0000000088700000|100%| O|  |TAMS 0x0000000088600000| PB 0x0000000088600000| Untracked |  0
| 135|0x0000000088700000, 0x0000000088800000, 0x0000000088800000|100%| O|  |TAMS 0x0000000088800000| PB 0x0000000088700000| Untracked |  0
| 136|0x0000000088800000, 0x0000000088900000, 0x0000000088900000|100%| O|  |TAMS 0x0000000088900000| PB 0x0000000088800000| Untracked |  0
| 137|0x0000000088900000, 0x0000000088900000, 0x0000000088a00000|  0%| F|  |TAMS 0x0000000088900000| PB 0x0000000088900000| Untracked |  0
| 138|0x0000000088a00000, 0x0000000088a00000, 0x0000000088b00000|  0%| F|  |TAMS 0x0000000088a00000| PB 0x0000000088a00000| Untracked |  0
| 139|0x0000000088b00000, 0x0000000088c00000, 0x0000000088c00000|100%| O|  |TAMS 0x0000000088c00000| PB 0x0000000088b00000| Untracked |  0
| 140|0x0000000088c00000, 0x0000000088c00000, 0x0000000088d00000|  0%| F|  |TAMS 0x0000000088c00000| PB 0x0000000088c00000| Untracked |  0
| 141|0x0000000088d00000, 0x0000000088e00000, 0x0000000088e00000|100%| O|  |TAMS 0x0000000088e00000| PB 0x0000000088d00000| Untracked |  0
| 142|0x0000000088e00000, 0x0000000088f00000, 0x0000000088f00000|100%| O|  |TAMS 0x0000000088f00000| PB 0x0000000088e00000| Untracked |  0
| 143|0x0000000088f00000, 0x0000000089000000, 0x0000000089000000|100%| O|  |TAMS 0x0000000089000000| PB 0x0000000088f00000| Untracked |  0
| 144|0x0000000089000000, 0x0000000089100000, 0x0000000089100000|100%| O|  |TAMS 0x0000000089100000| PB 0x0000000089000000| Untracked |  0
| 145|0x0000000089100000, 0x0000000089200000, 0x0000000089200000|100%| O|  |TAMS 0x0000000089200000| PB 0x0000000089100000| Untracked |  0
| 146|0x0000000089200000, 0x0000000089300000, 0x0000000089300000|100%| O|  |TAMS 0x0000000089300000| PB 0x0000000089200000| Untracked |  0
| 147|0x0000000089300000, 0x0000000089400000, 0x0000000089400000|100%| O|  |TAMS 0x0000000089400000| PB 0x0000000089300000| Untracked |  0
| 148|0x0000000089400000, 0x0000000089500000, 0x0000000089500000|100%| O|  |TAMS 0x0000000089500000| PB 0x0000000089400000| Untracked |  0
| 149|0x0000000089500000, 0x0000000089600000, 0x0000000089600000|100%| O|  |TAMS 0x0000000089600000| PB 0x0000000089500000| Untracked |  0
| 150|0x0000000089600000, 0x0000000089700000, 0x0000000089700000|100%| O|  |TAMS 0x0000000089700000| PB 0x0000000089600000| Untracked |  0
| 151|0x0000000089700000, 0x0000000089800000, 0x0000000089800000|100%| O|  |TAMS 0x0000000089800000| PB 0x0000000089700000| Untracked |  0
| 152|0x0000000089800000, 0x0000000089900000, 0x0000000089900000|100%| O|  |TAMS 0x0000000089900000| PB 0x0000000089800000| Untracked |  0
| 153|0x0000000089900000, 0x0000000089a00000, 0x0000000089a00000|100%| O|  |TAMS 0x0000000089a00000| PB 0x0000000089900000| Untracked |  0
| 154|0x0000000089a00000, 0x0000000089b00000, 0x0000000089b00000|100%| O|  |TAMS 0x0000000089b00000| PB 0x0000000089a00000| Untracked |  0
| 155|0x0000000089b00000, 0x0000000089c00000, 0x0000000089c00000|100%| O|  |TAMS 0x0000000089c00000| PB 0x0000000089b00000| Untracked |  0
| 156|0x0000000089c00000, 0x0000000089d00000, 0x0000000089d00000|100%| O|  |TAMS 0x0000000089d00000| PB 0x0000000089c00000| Untracked |  0
| 157|0x0000000089d00000, 0x0000000089e00000, 0x0000000089e00000|100%| O|  |TAMS 0x0000000089e00000| PB 0x0000000089d00000| Untracked |  0
| 158|0x0000000089e00000, 0x0000000089f00000, 0x0000000089f00000|100%| O|  |TAMS 0x0000000089f00000| PB 0x0000000089e00000| Untracked |  0
| 159|0x0000000089f00000, 0x000000008a000000, 0x000000008a000000|100%| O|  |TAMS 0x000000008a000000| PB 0x0000000089f00000| Untracked |  0
| 160|0x000000008a000000, 0x000000008a100000, 0x000000008a100000|100%| O|  |TAMS 0x000000008a100000| PB 0x000000008a000000| Untracked |  0
| 161|0x000000008a100000, 0x000000008a200000, 0x000000008a200000|100%| O|  |TAMS 0x000000008a200000| PB 0x000000008a100000| Untracked |  0
| 162|0x000000008a200000, 0x000000008a300000, 0x000000008a300000|100%| O|  |TAMS 0x000000008a300000| PB 0x000000008a200000| Untracked |  0
| 163|0x000000008a300000, 0x000000008a400000, 0x000000008a400000|100%| O|  |TAMS 0x000000008a400000| PB 0x000000008a300000| Untracked |  0
| 164|0x000000008a400000, 0x000000008a500000, 0x000000008a500000|100%| O|  |TAMS 0x000000008a500000| PB 0x000000008a400000| Untracked |  0
| 165|0x000000008a500000, 0x000000008a600000, 0x000000008a600000|100%| O|  |TAMS 0x000000008a600000| PB 0x000000008a500000| Untracked |  0
| 166|0x000000008a600000, 0x000000008a700000, 0x000000008a700000|100%|HS|  |TAMS 0x000000008a700000| PB 0x000000008a600000| Complete |  0
| 167|0x000000008a700000, 0x000000008a800000, 0x000000008a800000|100%| O|  |TAMS 0x000000008a800000| PB 0x000000008a700000| Untracked |  0
| 168|0x000000008a800000, 0x000000008a900000, 0x000000008a900000|100%| O|  |TAMS 0x000000008a900000| PB 0x000000008a800000| Untracked |  0
| 169|0x000000008a900000, 0x000000008aa00000, 0x000000008aa00000|100%| O|  |TAMS 0x000000008aa00000| PB 0x000000008a900000| Untracked |  0
| 170|0x000000008aa00000, 0x000000008ab00000, 0x000000008ab00000|100%| O|  |TAMS 0x000000008ab00000| PB 0x000000008aa00000| Untracked |  0
| 171|0x000000008ab00000, 0x000000008ac00000, 0x000000008ac00000|100%| O|  |TAMS 0x000000008ac00000| PB 0x000000008ab00000| Untracked |  0
| 172|0x000000008ac00000, 0x000000008ad00000, 0x000000008ad00000|100%| O|  |TAMS 0x000000008ad00000| PB 0x000000008ac00000| Untracked |  0
| 173|0x000000008ad00000, 0x000000008ae00000, 0x000000008ae00000|100%| O|  |TAMS 0x000000008ae00000| PB 0x000000008ad00000| Untracked |  0
| 174|0x000000008ae00000, 0x000000008af00000, 0x000000008af00000|100%| O|  |TAMS 0x000000008af00000| PB 0x000000008ae00000| Untracked |  0
| 175|0x000000008af00000, 0x000000008b000000, 0x000000008b000000|100%| O|  |TAMS 0x000000008b000000| PB 0x000000008af00000| Untracked |  0
| 176|0x000000008b000000, 0x000000008b100000, 0x000000008b100000|100%| O|  |TAMS 0x000000008b100000| PB 0x000000008b000000| Untracked |  0
| 177|0x000000008b100000, 0x000000008b200000, 0x000000008b200000|100%| O|  |TAMS 0x000000008b200000| PB 0x000000008b100000| Untracked |  0
| 178|0x000000008b200000, 0x000000008b300000, 0x000000008b300000|100%| O|  |TAMS 0x000000008b300000| PB 0x000000008b200000| Untracked |  0
| 179|0x000000008b300000, 0x000000008b400000, 0x000000008b400000|100%| O|  |TAMS 0x000000008b400000| PB 0x000000008b300000| Untracked |  0
| 180|0x000000008b400000, 0x000000008b500000, 0x000000008b500000|100%| O|  |TAMS 0x000000008b500000| PB 0x000000008b400000| Untracked |  0
| 181|0x000000008b500000, 0x000000008b600000, 0x000000008b600000|100%| O|  |TAMS 0x000000008b600000| PB 0x000000008b500000| Untracked |  0
| 182|0x000000008b600000, 0x000000008b700000, 0x000000008b700000|100%| O|  |TAMS 0x000000008b700000| PB 0x000000008b600000| Untracked |  0
| 183|0x000000008b700000, 0x000000008b800000, 0x000000008b800000|100%| O|  |TAMS 0x000000008b800000| PB 0x000000008b700000| Untracked |  0
| 184|0x000000008b800000, 0x000000008b900000, 0x000000008b900000|100%| O|  |TAMS 0x000000008b900000| PB 0x000000008b800000| Untracked |  0
| 185|0x000000008b900000, 0x000000008ba00000, 0x000000008ba00000|100%| O|  |TAMS 0x000000008ba00000| PB 0x000000008b900000| Untracked |  0
| 186|0x000000008ba00000, 0x000000008bb00000, 0x000000008bb00000|100%| O|  |TAMS 0x000000008bb00000| PB 0x000000008ba00000| Untracked |  0
| 187|0x000000008bb00000, 0x000000008bc00000, 0x000000008bc00000|100%| O|  |TAMS 0x000000008bc00000| PB 0x000000008bb00000| Untracked |  0
| 188|0x000000008bc00000, 0x000000008bd00000, 0x000000008bd00000|100%| O|  |TAMS 0x000000008bd00000| PB 0x000000008bc00000| Untracked |  0
| 189|0x000000008bd00000, 0x000000008be00000, 0x000000008be00000|100%| O|  |TAMS 0x000000008be00000| PB 0x000000008bd00000| Untracked |  0
| 190|0x000000008be00000, 0x000000008bf00000, 0x000000008bf00000|100%| O|  |TAMS 0x000000008bf00000| PB 0x000000008be00000| Untracked |  0
| 191|0x000000008bf00000, 0x000000008c000000, 0x000000008c000000|100%| O|  |TAMS 0x000000008c000000| PB 0x000000008bf00000| Untracked |  0
| 192|0x000000008c000000, 0x000000008c100000, 0x000000008c100000|100%| O|  |TAMS 0x000000008c100000| PB 0x000000008c000000| Untracked |  0
| 193|0x000000008c100000, 0x000000008c200000, 0x000000008c200000|100%| O|  |TAMS 0x000000008c200000| PB 0x000000008c100000| Untracked |  0
| 194|0x000000008c200000, 0x000000008c300000, 0x000000008c300000|100%| O|  |TAMS 0x000000008c300000| PB 0x000000008c200000| Untracked |  0
| 195|0x000000008c300000, 0x000000008c400000, 0x000000008c400000|100%| O|  |TAMS 0x000000008c400000| PB 0x000000008c300000| Untracked |  0
| 196|0x000000008c400000, 0x000000008c500000, 0x000000008c500000|100%| O|  |TAMS 0x000000008c500000| PB 0x000000008c400000| Untracked |  0
| 197|0x000000008c500000, 0x000000008c600000, 0x000000008c600000|100%| O|  |TAMS 0x000000008c580000| PB 0x000000008c500000| Untracked |  0
| 198|0x000000008c600000, 0x000000008c600000, 0x000000008c700000|  0%| F|  |TAMS 0x000000008c600000| PB 0x000000008c600000| Untracked |  0
| 199|0x000000008c700000, 0x000000008c700000, 0x000000008c800000|  0%| F|  |TAMS 0x000000008c700000| PB 0x000000008c700000| Untracked |  0
| 200|0x000000008c800000, 0x000000008c800000, 0x000000008c900000|  0%| F|  |TAMS 0x000000008c800000| PB 0x000000008c800000| Untracked |  0
| 201|0x000000008c900000, 0x000000008c900000, 0x000000008ca00000|  0%| F|  |TAMS 0x000000008c900000| PB 0x000000008c900000| Untracked |  0
| 202|0x000000008ca00000, 0x000000008ca00000, 0x000000008cb00000|  0%| F|  |TAMS 0x000000008ca00000| PB 0x000000008ca00000| Untracked |  0
| 203|0x000000008cb00000, 0x000000008cb00000, 0x000000008cc00000|  0%| F|  |TAMS 0x000000008cb00000| PB 0x000000008cb00000| Untracked |  0
| 204|0x000000008cc00000, 0x000000008cc00000, 0x000000008cd00000|  0%| F|  |TAMS 0x000000008cc00000| PB 0x000000008cc00000| Untracked |  0
| 205|0x000000008cd00000, 0x000000008cd00000, 0x000000008ce00000|  0%| F|  |TAMS 0x000000008cd00000| PB 0x000000008cd00000| Untracked |  0
| 206|0x000000008ce00000, 0x000000008ce00000, 0x000000008cf00000|  0%| F|  |TAMS 0x000000008ce00000| PB 0x000000008ce00000| Untracked |  0
| 207|0x000000008cf00000, 0x000000008cf00000, 0x000000008d000000|  0%| F|  |TAMS 0x000000008cf00000| PB 0x000000008cf00000| Untracked |  0
| 208|0x000000008d000000, 0x000000008d000000, 0x000000008d100000|  0%| F|  |TAMS 0x000000008d000000| PB 0x000000008d000000| Untracked |  0
| 209|0x000000008d100000, 0x000000008d100000, 0x000000008d200000|  0%| F|  |TAMS 0x000000008d100000| PB 0x000000008d100000| Untracked |  0
| 210|0x000000008d200000, 0x000000008d200000, 0x000000008d300000|  0%| F|  |TAMS 0x000000008d200000| PB 0x000000008d200000| Untracked |  0
| 211|0x000000008d300000, 0x000000008d300000, 0x000000008d400000|  0%| F|  |TAMS 0x000000008d300000| PB 0x000000008d300000| Untracked |  0
| 212|0x000000008d400000, 0x000000008d400000, 0x000000008d500000|  0%| F|  |TAMS 0x000000008d400000| PB 0x000000008d400000| Untracked |  0
| 213|0x000000008d500000, 0x000000008d500000, 0x000000008d600000|  0%| F|  |TAMS 0x000000008d500000| PB 0x000000008d500000| Untracked |  0
| 214|0x000000008d600000, 0x000000008d600000, 0x000000008d700000|  0%| F|  |TAMS 0x000000008d600000| PB 0x000000008d600000| Untracked |  0
| 215|0x000000008d700000, 0x000000008d700000, 0x000000008d800000|  0%| F|  |TAMS 0x000000008d700000| PB 0x000000008d700000| Untracked |  0
| 216|0x000000008d800000, 0x000000008d800000, 0x000000008d900000|  0%| F|  |TAMS 0x000000008d800000| PB 0x000000008d800000| Untracked |  0
| 217|0x000000008d900000, 0x000000008d900000, 0x000000008da00000|  0%| F|  |TAMS 0x000000008d900000| PB 0x000000008d900000| Untracked |  0
| 218|0x000000008da00000, 0x000000008da00000, 0x000000008db00000|  0%| F|  |TAMS 0x000000008da00000| PB 0x000000008da00000| Untracked |  0
| 219|0x000000008db00000, 0x000000008db00000, 0x000000008dc00000|  0%| F|  |TAMS 0x000000008db00000| PB 0x000000008db00000| Untracked |  0
| 220|0x000000008dc00000, 0x000000008dc00000, 0x000000008dd00000|  0%| F|  |TAMS 0x000000008dc00000| PB 0x000000008dc00000| Untracked |  0
| 221|0x000000008dd00000, 0x000000008dd00000, 0x000000008de00000|  0%| F|  |TAMS 0x000000008dd00000| PB 0x000000008dd00000| Untracked |  0
| 222|0x000000008de00000, 0x000000008de00000, 0x000000008df00000|  0%| F|  |TAMS 0x000000008de00000| PB 0x000000008de00000| Untracked |  0
| 223|0x000000008df00000, 0x000000008df00000, 0x000000008e000000|  0%| F|  |TAMS 0x000000008df00000| PB 0x000000008df00000| Untracked |  0
| 224|0x000000008e000000, 0x000000008e000000, 0x000000008e100000|  0%| F|  |TAMS 0x000000008e000000| PB 0x000000008e000000| Untracked |  0
| 225|0x000000008e100000, 0x000000008e100000, 0x000000008e200000|  0%| F|  |TAMS 0x000000008e100000| PB 0x000000008e100000| Untracked |  0
| 226|0x000000008e200000, 0x000000008e200000, 0x000000008e300000|  0%| F|  |TAMS 0x000000008e200000| PB 0x000000008e200000| Untracked |  0
| 227|0x000000008e300000, 0x000000008e300000, 0x000000008e400000|  0%| F|  |TAMS 0x000000008e300000| PB 0x000000008e300000| Untracked |  0
| 228|0x000000008e400000, 0x000000008e500000, 0x000000008e500000|100%| S|CS|TAMS 0x000000008e400000| PB 0x000000008e400000| Complete |  0
| 229|0x000000008e500000, 0x000000008e600000, 0x000000008e600000|100%| S|CS|TAMS 0x000000008e500000| PB 0x000000008e500000| Complete |  0
| 230|0x000000008e600000, 0x000000008e700000, 0x000000008e700000|100%| S|CS|TAMS 0x000000008e600000| PB 0x000000008e600000| Complete |  0
|2031|0x00000000fef00000, 0x00000000ff000000, 0x00000000ff000000|100%| S|CS|TAMS 0x00000000fef00000| PB 0x00000000fef00000| Complete |  0
|2032|0x00000000ff000000, 0x00000000ff000000, 0x00000000ff100000|  0%| F|  |TAMS 0x00000000ff000000| PB 0x00000000ff000000| Untracked |  0
|2033|0x00000000ff100000, 0x00000000ff100000, 0x00000000ff200000|  0%| F|  |TAMS 0x00000000ff100000| PB 0x00000000ff100000| Untracked |  0
|2034|0x00000000ff200000, 0x00000000ff200000, 0x00000000ff300000|  0%| F|  |TAMS 0x00000000ff200000| PB 0x00000000ff200000| Untracked |  0
|2035|0x00000000ff300000, 0x00000000ff300000, 0x00000000ff400000|  0%| F|  |TAMS 0x00000000ff300000| PB 0x00000000ff300000| Untracked |  0
|2036|0x00000000ff400000, 0x00000000ff400000, 0x00000000ff500000|  0%| F|  |TAMS 0x00000000ff400000| PB 0x00000000ff400000| Untracked |  0
|2037|0x00000000ff500000, 0x00000000ff500000, 0x00000000ff600000|  0%| F|  |TAMS 0x00000000ff500000| PB 0x00000000ff500000| Untracked |  0
|2038|0x00000000ff600000, 0x00000000ff600000, 0x00000000ff700000|  0%| F|  |TAMS 0x00000000ff600000| PB 0x00000000ff600000| Untracked |  0
|2039|0x00000000ff700000, 0x00000000ff700000, 0x00000000ff800000|  0%| F|  |TAMS 0x00000000ff700000| PB 0x00000000ff700000| Untracked |  0
|2040|0x00000000ff800000, 0x00000000ff800000, 0x00000000ff900000|  0%| F|  |TAMS 0x00000000ff800000| PB 0x00000000ff800000| Untracked |  0
|2041|0x00000000ff900000, 0x00000000ff900000, 0x00000000ffa00000|  0%| F|  |TAMS 0x00000000ff900000| PB 0x00000000ff900000| Untracked |  0
|2042|0x00000000ffa00000, 0x00000000ffa00000, 0x00000000ffb00000|  0%| F|  |TAMS 0x00000000ffa00000| PB 0x00000000ffa00000| Untracked |  0
|2043|0x00000000ffb00000, 0x00000000ffb00000, 0x00000000ffc00000|  0%| F|  |TAMS 0x00000000ffb00000| PB 0x00000000ffb00000| Untracked |  0
|2044|0x00000000ffc00000, 0x00000000ffc00000, 0x00000000ffd00000|  0%| F|  |TAMS 0x00000000ffc00000| PB 0x00000000ffc00000| Untracked |  0
|2045|0x00000000ffd00000, 0x00000000ffd00000, 0x00000000ffe00000|  0%| F|  |TAMS 0x00000000ffd00000| PB 0x00000000ffd00000| Untracked |  0
|2046|0x00000000ffe00000, 0x00000000ffe00000, 0x00000000fff00000|  0%| F|  |TAMS 0x00000000ffe00000| PB 0x00000000ffe00000| Untracked |  0
|2047|0x00000000fff00000, 0x00000000fff00000, 0x0000000100000000|  0%| F|  |TAMS 0x00000000fff00000| PB 0x00000000fff00000| Untracked |  0

Card table byte_map: [0x0000025943030000,0x0000025943430000] _byte_map_base: 0x0000025942c30000

Marking Bits: (CMBitMap*) 0x000002592b3701c0
 Bits: [0x0000025943430000, 0x0000025945430000)

Polling page: 0x0000025928d40000

Metaspace:

Usage:
  Non-class:     66.41 MB used.
      Class:     10.69 MB used.
       Both:     77.09 MB used.

Virtual space:
  Non-class space:      128.00 MB reserved,      66.81 MB ( 52%) committed,  2 nodes.
      Class space:        1.00 GB reserved,      11.00 MB (  1%) committed,  1 nodes.
             Both:        1.13 GB reserved,      77.81 MB (  7%) committed. 

Chunk freelists:
   Non-Class:  12.70 MB
       Class:  5.01 MB
        Both:  17.72 MB

MaxMetaspaceSize: unlimited
CompressedClassSpaceSize: 1.00 GB
Initial GC threshold: 21.00 MB
Current GC threshold: 129.69 MB
CDS: on
 - commit_granule_bytes: 65536.
 - commit_granule_words: 8192.
 - virtual_space_node_default_size: 8388608.
 - enlarge_chunks_in_place: 1.
 - use_allocation_guard: 0.


Internal statistics:

num_allocs_failed_limit: 6.
num_arena_births: 964.
num_arena_deaths: 0.
num_vsnodes_births: 3.
num_vsnodes_deaths: 0.
num_space_committed: 1245.
num_space_uncommitted: 0.
num_chunks_returned_to_freelist: 6.
num_chunks_taken_from_freelist: 3631.
num_chunk_merges: 6.
num_chunk_splits: 2662.
num_chunks_enlarged: 2095.
num_inconsistent_stats: 0.

CodeHeap 'non-profiled nmethods': size=120064Kb used=3352Kb max_used=3352Kb free=116711Kb
 bounds [0x000002593b4d0000, 0x000002593b820000, 0x0000025942a10000]
CodeHeap 'profiled nmethods': size=120000Kb used=9639Kb max_used=10020Kb free=110360Kb
 bounds [0x0000025933a10000, 0x00000259343e0000, 0x000002593af40000]
CodeHeap 'non-nmethods': size=5696Kb used=1772Kb max_used=1813Kb free=3923Kb
 bounds [0x000002593af40000, 0x000002593b1b0000, 0x000002593b4d0000]
CodeCache: size=245760Kb, used=14763Kb, max_used=15185Kb, free=230994Kb
 total_blobs=8247, nmethods=7446, adapters=705, full_count=0
Compilation: enabled, stopped_count=0, restarted_count=0

Compilation events (20 events):
Event: 44.364 Thread 0x0000025947ac72e0 8886       4       java.util.GregorianCalendar::computeFields (85 bytes)
Event: 44.377 Thread 0x0000025947ac72e0 nmethod 8886 0x000002593b80f208 code [0x000002593b80f360, 0x000002593b80f820]
Event: 44.377 Thread 0x0000025947ac72e0 8881       4       org.hibernate.sql.results.internal.StandardRowReader::readRow (136 bytes)
Event: 44.404 Thread 0x0000025947ac72e0 nmethod 8881 0x000002593b80f888 code [0x000002593b80fb00, 0x000002593b810880]
Event: 44.405 Thread 0x0000025947ac72e0 8885       4       org.hibernate.engine.internal.StatefulPersistenceContext::addEntityHolder (83 bytes)
Event: 44.488 Thread 0x0000025947ac72e0 nmethod 8885 0x000002593b810a08 code [0x000002593b810bc0, 0x000002593b8114e0]
Event: 44.488 Thread 0x0000025947ac72e0 8888       4       sun.util.calendar.BaseCalendar::getFixedDate (324 bytes)
Event: 44.493 Thread 0x0000025947ac72e0 nmethod 8888 0x000002593b811608 code [0x000002593b811740, 0x000002593b811b40]
Event: 44.493 Thread 0x0000025947ac72e0 8889 %     4       org.hibernate.sql.results.spi.ListResultsConsumer::read @ 2 (33 bytes)
Event: 44.528 Thread 0x0000025947ac72e0 nmethod 8889% 0x000002593b811c08 code [0x000002593b811e20, 0x000002593b8133d0]
Event: 44.528 Thread 0x0000025947ac72e0 8876       4       org.hibernate.sql.results.graph.entity.internal.EntityInitializerImpl::initializeInstance (54 bytes)
Event: 44.532 Thread 0x0000025947ac72e0 nmethod 8876 0x000002593b813588 code [0x000002593b8136c0, 0x000002593b813910]
Event: 44.532 Thread 0x0000025947ac72e0 8877       4       org.hibernate.sql.results.graph.entity.internal.EntityInitializerImpl::skipInitialization (181 bytes)
Event: 44.534 Thread 0x0000025947ac72e0 nmethod 8877 0x000002593b813988 code [0x000002593b813aa0, 0x000002593b813bc0]
Event: 44.547 Thread 0x0000025947ac72e0 8890       4       org.hibernate.sql.results.spi.ListResultsConsumer::read (33 bytes)
Event: 44.573 Thread 0x0000025947aca8d0 8891       3       java.util.concurrent.locks.AbstractQueuedSynchronizer$ConditionObject::canReacquire (38 bytes)
Event: 44.574 Thread 0x0000025947aca8d0 nmethod 8891 0x0000025934367208 code [0x0000025934367340, 0x0000025934367678]
Event: 44.593 Thread 0x0000025947ac72e0 nmethod 8890 0x000002593b813c88 code [0x000002593b813f40, 0x000002593b815f00]
Event: 44.601 Thread 0x0000025947aca8d0 8892       3       sun.util.calendar.CalendarUtils::floorDivide (18 bytes)
Event: 44.601 Thread 0x0000025947aca8d0 nmethod 8892 0x00000259343c4208 code [0x00000259343c4320, 0x00000259343c44b8]

GC Heap History (20 events):
Event: 34.846 GC heap after
{Heap after GC invocations=32 (full 0):
 garbage-first heap   total reserved 2097152K, committed 126976K, used 80892K [0x0000000080000000, 0x0000000100000000)
  region size 1024K, 1 young (1024K), 1 survivors (1024K)
 Metaspace       used 78672K, committed 79424K, reserved 1179648K
  class space    used 10923K, committed 11264K, reserved 1048576K
}
Event: 35.225 GC heap before
{Heap before GC invocations=32 (full 0):
 garbage-first heap   total reserved 2097152K, committed 126976K, used 101372K [0x0000000080000000, 0x0000000100000000)
  region size 1024K, 17 young (17408K), 1 survivors (1024K)
 Metaspace       used 78672K, committed 79424K, reserved 1179648K
  class space    used 10923K, committed 11264K, reserved 1048576K
}
Event: 35.252 GC heap after
{Heap after GC invocations=33 (full 0):
 garbage-first heap   total reserved 2097152K, committed 126976K, used 96256K [0x0000000080000000, 0x0000000100000000)
  region size 1024K, 3 young (3072K), 3 survivors (3072K)
 Metaspace       used 78672K, committed 79424K, reserved 1179648K
  class space    used 10923K, committed 11264K, reserved 1048576K
}
Event: 35.315 GC heap before
{Heap before GC invocations=33 (full 0):
 garbage-first heap   total reserved 2097152K, committed 126976K, used 106496K [0x0000000080000000, 0x0000000100000000)
  region size 1024K, 13 young (13312K), 3 survivors (3072K)
 Metaspace       used 78672K, committed 79424K, reserved 1179648K
  class space    used 10923K, committed 11264K, reserved 1048576K
}
Event: 35.334 GC heap after
{Heap after GC invocations=34 (full 0):
 garbage-first heap   total reserved 2097152K, committed 126976K, used 104309K [0x0000000080000000, 0x0000000100000000)
  region size 1024K, 2 young (2048K), 2 survivors (2048K)
 Metaspace       used 78672K, committed 79424K, reserved 1179648K
  class space    used 10923K, committed 11264K, reserved 1048576K
}
Event: 35.378 GC heap before
{Heap before GC invocations=34 (full 0):
 garbage-first heap   total reserved 2097152K, committed 126976K, used 110453K [0x0000000080000000, 0x0000000100000000)
  region size 1024K, 9 young (9216K), 2 survivors (2048K)
 Metaspace       used 78672K, committed 79424K, reserved 1179648K
  class space    used 10923K, committed 11264K, reserved 1048576K
}
Event: 35.392 GC heap after
{Heap after GC invocations=35 (full 0):
 garbage-first heap   total reserved 2097152K, committed 253952K, used 111008K [0x0000000080000000, 0x0000000100000000)
  region size 1024K, 2 young (2048K), 2 survivors (2048K)
 Metaspace       used 78672K, committed 79424K, reserved 1179648K
  class space    used 10923K, committed 11264K, reserved 1048576K
}
Event: 36.058 GC heap before
{Heap before GC invocations=36 (full 0):
 garbage-first heap   total reserved 2097152K, committed 253952K, used 177568K [0x0000000080000000, 0x0000000100000000)
  region size 1024K, 53 young (54272K), 2 survivors (2048K)
 Metaspace       used 78703K, committed 79488K, reserved 1179648K
  class space    used 10928K, committed 11264K, reserved 1048576K
}
Event: 36.159 GC heap after
{Heap after GC invocations=37 (full 0):
 garbage-first heap   total reserved 2097152K, committed 253952K, used 160256K [0x0000000080000000, 0x0000000100000000)
  region size 1024K, 7 young (7168K), 7 survivors (7168K)
 Metaspace       used 78703K, committed 79488K, reserved 1179648K
  class space    used 10928K, committed 11264K, reserved 1048576K
}
Event: 41.731 GC heap before
{Heap before GC invocations=37 (full 0):
 garbage-first heap   total reserved 2097152K, committed 253952K, used 195072K [0x0000000080000000, 0x0000000100000000)
  region size 1024K, 41 young (41984K), 7 survivors (7168K)
 Metaspace       used 78882K, committed 79552K, reserved 1179648K
  class space    used 10942K, committed 11264K, reserved 1048576K
}
Event: 41.762 GC heap after
{Heap after GC invocations=38 (full 0):
 garbage-first heap   total reserved 2097152K, committed 253952K, used 168960K [0x0000000080000000, 0x0000000100000000)
  region size 1024K, 6 young (6144K), 6 survivors (6144K)
 Metaspace       used 78882K, committed 79552K, reserved 1179648K
  class space    used 10942K, committed 11264K, reserved 1048576K
}
Event: 43.491 GC heap before
{Heap before GC invocations=38 (full 0):
 garbage-first heap   total reserved 2097152K, committed 253952K, used 192512K [0x0000000080000000, 0x0000000100000000)
  region size 1024K, 31 young (31744K), 6 survivors (6144K)
 Metaspace       used 78938K, committed 79680K, reserved 1179648K
  class space    used 10942K, committed 11264K, reserved 1048576K
}
Event: 43.526 GC heap after
{Heap after GC invocations=39 (full 0):
 garbage-first heap   total reserved 2097152K, committed 253952K, used 190976K [0x0000000080000000, 0x0000000100000000)
  region size 1024K, 5 young (5120K), 5 survivors (5120K)
 Metaspace       used 78938K, committed 79680K, reserved 1179648K
  class space    used 10942K, committed 11264K, reserved 1048576K
}
Event: 44.106 GC heap before
{Heap before GC invocations=40 (full 0):
 garbage-first heap   total reserved 2097152K, committed 253952K, used 165376K [0x0000000080000000, 0x0000000100000000)
  region size 1024K, 27 young (27648K), 5 survivors (5120K)
 Metaspace       used 78940K, committed 79680K, reserved 1179648K
  class space    used 10942K, committed 11264K, reserved 1048576K
}
Event: 44.139 GC heap after
{Heap after GC invocations=41 (full 0):
 garbage-first heap   total reserved 2097152K, committed 253952K, used 162816K [0x0000000080000000, 0x0000000100000000)
  region size 1024K, 4 young (4096K), 4 survivors (4096K)
 Metaspace       used 78940K, committed 79680K, reserved 1179648K
  class space    used 10942K, committed 11264K, reserved 1048576K
}
Event: 44.411 GC heap before
{Heap before GC invocations=41 (full 0):
 garbage-first heap   total reserved 2097152K, committed 253952K, used 197632K [0x0000000080000000, 0x0000000100000000)
  region size 1024K, 35 young (35840K), 4 survivors (4096K)
 Metaspace       used 78940K, committed 79680K, reserved 1179648K
  class space    used 10942K, committed 11264K, reserved 1048576K
}
Event: 44.479 GC heap after
{Heap after GC invocations=42 (full 0):
 garbage-first heap   total reserved 2097152K, committed 253952K, used 170496K [0x0000000080000000, 0x0000000100000000)
  region size 1024K, 5 young (5120K), 5 survivors (5120K)
 Metaspace       used 78940K, committed 79680K, reserved 1179648K
  class space    used 10942K, committed 11264K, reserved 1048576K
}
Event: 44.648 GC heap before
{Heap before GC invocations=42 (full 0):
 garbage-first heap   total reserved 2097152K, committed 253952K, used 206336K [0x0000000080000000, 0x0000000100000000)
  region size 1024K, 33 young (33792K), 5 survivors (5120K)
 Metaspace       used 78941K, committed 79680K, reserved 1179648K
  class space    used 10942K, committed 11264K, reserved 1048576K
}
Event: 44.734 GC heap after
{Heap after GC invocations=43 (full 0):
 garbage-first heap   total reserved 2097152K, committed 253952K, used 190976K [0x0000000080000000, 0x0000000100000000)
  region size 1024K, 5 young (5120K), 5 survivors (5120K)
 Metaspace       used 78941K, committed 79680K, reserved 1179648K
  class space    used 10942K, committed 11264K, reserved 1048576K
}
Event: 44.812 GC heap before
{Heap before GC invocations=43 (full 0):
 garbage-first heap   total reserved 2097152K, committed 253952K, used 206336K [0x0000000080000000, 0x0000000100000000)
  region size 1024K, 21 young (21504K), 5 survivors (5120K)
 Metaspace       used 78941K, committed 79680K, reserved 1179648K
  class space    used 10942K, committed 11264K, reserved 1048576K
}

Dll operation events (14 events):
Event: 0.140 Loaded shared library C:\Users\Nesrine.Dhouioui\.jdks\openjdk-23.0.2-1\bin\java.dll
Event: 0.685 Loaded shared library C:\Users\Nesrine.Dhouioui\.jdks\openjdk-23.0.2-1\bin\jsvml.dll
Event: 1.440 Loaded shared library C:\Users\Nesrine.Dhouioui\.jdks\openjdk-23.0.2-1\bin\zip.dll
Event: 1.452 Loaded shared library C:\Users\Nesrine.Dhouioui\.jdks\openjdk-23.0.2-1\bin\instrument.dll
Event: 1.467 Loaded shared library C:\Users\Nesrine.Dhouioui\.jdks\openjdk-23.0.2-1\bin\net.dll
Event: 1.473 Loaded shared library C:\Users\Nesrine.Dhouioui\.jdks\openjdk-23.0.2-1\bin\nio.dll
Event: 1.486 Loaded shared library C:\Users\Nesrine.Dhouioui\.jdks\openjdk-23.0.2-1\bin\zip.dll
Event: 2.129 Loaded shared library C:\Program Files\JetBrains\IntelliJ IDEA Community Edition 2024.3.3\bin\breakgen64.dll
Event: 2.196 Loaded shared library C:\Users\Nesrine.Dhouioui\.jdks\openjdk-23.0.2-1\bin\extnet.dll
Event: 2.428 Loaded shared library C:\Users\Nesrine.Dhouioui\.jdks\openjdk-23.0.2-1\bin\jimage.dll
Event: 8.162 Loaded shared library C:\Users\Nesrine.Dhouioui\.jdks\openjdk-23.0.2-1\bin\sunmscapi.dll
Event: 10.991 Loaded shared library C:\Users\Nesrine.Dhouioui\.jdks\openjdk-23.0.2-1\bin\management.dll
Event: 10.996 Loaded shared library C:\Users\Nesrine.Dhouioui\.jdks\openjdk-23.0.2-1\bin\management_ext.dll
Event: 12.454 Loaded shared library C:\Users\Nesrine.Dhouioui\.jdks\openjdk-23.0.2-1\bin\verify.dll

Deoptimization events (20 events):
Event: 43.690 Thread 0x000002599049b070 DEOPT PACKING pc=0x000002593b7fca90 sp=0x000000b5b57fbee0
Event: 43.690 Thread 0x000002599049b070 DEOPT UNPACKING pc=0x000002593af94402 sp=0x000000b5b57fbea0 mode 2
Event: 43.718 Thread 0x000002599049b070 Uncommon trap: trap_request=0xffffffbe fr.pc=0x000002593b7fca90 relative=0x0000000000001110
Event: 43.718 Thread 0x000002599049b070 Uncommon trap: reason=profile_predicate action=maybe_recompile pc=0x000002593b7fca90 method=org.postgresql.core.v3.QueryExecutorImpl.processResults(Lorg/postgresql/core/ResultHandler;IZ)V @ 38 c2
Event: 43.718 Thread 0x000002599049b070 DEOPT PACKING pc=0x000002593b7fca90 sp=0x000000b5b57fc6b0
Event: 43.718 Thread 0x000002599049b070 DEOPT UNPACKING pc=0x000002593af94402 sp=0x000000b5b57fc670 mode 2
Event: 43.949 Thread 0x000002599049b070 Uncommon trap: trap_request=0xffffffbe fr.pc=0x000002593b7fca90 relative=0x0000000000001110
Event: 43.949 Thread 0x000002599049b070 Uncommon trap: reason=profile_predicate action=maybe_recompile pc=0x000002593b7fca90 method=org.postgresql.core.v3.QueryExecutorImpl.processResults(Lorg/postgresql/core/ResultHandler;IZ)V @ 38 c2
Event: 43.950 Thread 0x000002599049b070 DEOPT PACKING pc=0x000002593b7fca90 sp=0x000000b5b57fbee0
Event: 43.950 Thread 0x000002599049b070 DEOPT UNPACKING pc=0x000002593af94402 sp=0x000000b5b57fbea0 mode 2
Event: 44.012 Thread 0x000002599049d7d0 Uncommon trap: trap_request=0xffffff45 fr.pc=0x000002593b615b8c relative=0x000000000000142c
Event: 44.012 Thread 0x000002599049d7d0 Uncommon trap: reason=unstable_if action=reinterpret pc=0x000002593b615b8c method=org.postgresql.jdbc.TimestampUtils.getCalendar(Ljava/time/ZoneOffset;)Ljava/util/Calendar; @ 4 c2
Event: 44.012 Thread 0x000002599049d7d0 DEOPT PACKING pc=0x000002593b615b8c sp=0x000000b5b55fbbe0
Event: 44.012 Thread 0x000002599049d7d0 DEOPT UNPACKING pc=0x000002593af94402 sp=0x000000b5b55fbac0 mode 2
Event: 44.012 Thread 0x000002599049d7d0 Uncommon trap: trap_request=0xffffff45 fr.pc=0x000002593b7ad9b4 relative=0x0000000000000174
Event: 44.012 Thread 0x000002599049d7d0 Uncommon trap: reason=unstable_if action=reinterpret pc=0x000002593b7ad9b4 method=java.util.Calendar.set(II)V @ 11 c2
Event: 44.012 Thread 0x000002599049d7d0 DEOPT PACKING pc=0x000002593b7ad9b4 sp=0x000000b5b55fbb20
Event: 44.012 Thread 0x000002599049d7d0 DEOPT UNPACKING pc=0x000002593af94402 sp=0x000000b5b55fbac0 mode 2
Event: 44.547 Thread 0x000002599049d7d0 DEOPT PACKING pc=0x0000025933b6c359 sp=0x000000b5b55fc0d0
Event: 44.547 Thread 0x000002599049d7d0 DEOPT UNPACKING pc=0x000002593af94b22 sp=0x000000b5b55fb620 mode 0

Classes loaded (20 events):
Event: 28.742 Loading class java/time/format/DateTimeFormatterBuilder$ZoneTextPrinterParser
Event: 28.742 Loading class java/time/format/DateTimeFormatterBuilder$ZoneTextPrinterParser done
Event: 28.743 Loading class java/time/format/DateTimeFormatterBuilder$ReducedPrinterParser
Event: 28.743 Loading class java/time/format/DateTimeFormatterBuilder$ReducedPrinterParser done
Event: 29.181 Loading class jdk/internal/reflect/MethodHandleBooleanFieldAccessorImpl
Event: 29.182 Loading class jdk/internal/reflect/MethodHandleBooleanFieldAccessorImpl done
Event: 29.226 Loading class java/util/OptionalInt
Event: 29.228 Loading class java/util/OptionalInt done
Event: 29.228 Loading class java/util/OptionalLong
Event: 29.229 Loading class java/util/OptionalLong done
Event: 29.229 Loading class java/util/OptionalDouble
Event: 29.230 Loading class java/util/OptionalDouble done
Event: 29.301 Loading class java/util/stream/LongStream
Event: 29.309 Loading class java/util/stream/LongStream done
Event: 29.309 Loading class java/util/stream/DoubleStream
Event: 29.317 Loading class java/util/stream/DoubleStream done
Event: 29.380 Loading class org/w3c/dom/Node
Event: 29.382 Loading class org/w3c/dom/Node done
Event: 29.382 Loading class org/w3c/dom/Document
Event: 29.383 Loading class org/w3c/dom/Document done

Classes unloaded (0 events):
No events

Classes redefined (4 events):
Event: 2.141 Thread 0x0000025947a95950 redefined class name=java.net.URLStreamHandler, count=1
Event: 2.143 Thread 0x0000025947a95950 redefined class name=java.io.FileOutputStream, count=1
Event: 2.148 Thread 0x0000025947a95950 redefined class name=java.nio.file.Files, count=1
Event: 2.150 Thread 0x0000025947a95950 redefined class name=java.io.File, count=1

Internal exceptions (20 events):
Event: 21.190 Thread 0x000002592b312d00 Exception <a 'java/lang/NoSuchMethodError'{0x0000000082842540}: 'void java.lang.invoke.DirectMethodHandle$Holder.invokeVirtual(java.lang.Object, java.lang.Object, long)'> (0x0000000082842540) 
thrown [s\open\src\hotspot\share\interpreter\linkResolver.cpp, line 796]
Event: 21.517 Thread 0x000002592b312d00 Exception <a 'java/lang/NoSuchMethodError'{0x000000008618dc78}: 'java.lang.Object java.lang.invoke.DirectMethodHandle$Holder.newInvokeSpecial(java.lang.Object, java.lang.Object, int, java.lang.Object, java.lang.Object)'> (0x000000008618dc78) 
thrown [s\open\src\hotspot\share\interpreter\linkResolver.cpp, line 796]
Event: 28.579 Thread 0x000002599049a9e0 Exception <a 'java/lang/NoSuchMethodError'{0x00000000845eaea8}: 'java.lang.Object java.lang.invoke.DirectMethodHandle$Holder.invokeSpecial(java.lang.Object, java.lang.Object, java.lang.Object, java.lang.Object, java.lang.Object, long)'> (0x00000000845eaea8) 
thrown [s\open\src\hotspot\share\interpreter\linkResolver.cpp, line 796]
Event: 28.579 Thread 0x000002599049a9e0 Exception <a 'java/lang/NoSuchMethodError'{0x00000000845ee638}: 'java.lang.Object java.lang.invoke.Invokers$Holder.linkToTargetMethod(java.lang.Object, java.lang.Object, java.lang.Object, long, java.lang.Object)'> (0x00000000845ee638) 
thrown [s\open\src\hotspot\share\interpreter\linkResolver.cpp, line 796]
Event: 29.007 Thread 0x0000025990499cc0 Exception <a 'java/lang/NoSuchMethodError'{0x00000000840f21f8}: 'java.lang.Object java.lang.invoke.DirectMethodHandle$Holder.invokeInterface(java.lang.Object, java.lang.Object, java.lang.Object, java.lang.Object)'> (0x00000000840f21f8) 
thrown [s\open\src\hotspot\share\interpreter\linkResolver.cpp, line 796]
Event: 29.024 Thread 0x0000025990499cc0 Exception <a 'java/lang/IncompatibleClassChangeError'{0x0000000083f56e88}: Found class java.lang.Object, but interface was expected> (0x0000000083f56e88) 
thrown [s\open\src\hotspot\share\interpreter\linkResolver.cpp, line 863]
Event: 29.180 Thread 0x000002599049a9e0 Exception <a 'java/lang/IncompatibleClassChangeError'{0x0000000083ce1a50}: Found class java.lang.Object, but interface was expected> (0x0000000083ce1a50) 
thrown [s\open\src\hotspot\share\interpreter\linkResolver.cpp, line 863]
Event: 29.183 Thread 0x0000025990499cc0 Exception <a 'java/lang/NoSuchMethodError'{0x0000000083b187e0}: 'void java.lang.invoke.Invokers$Holder.invokeExact_MT(java.lang.Object, java.lang.Object, int, java.lang.Object)'> (0x0000000083b187e0) 
thrown [s\open\src\hotspot\share\interpreter\linkResolver.cpp, line 796]
Event: 29.188 Thread 0x000002599049a9e0 Exception <a 'java/lang/NoSuchMethodError'{0x0000000083b68eb8}: 'void java.lang.invoke.DirectMethodHandle$Holder.invokeSpecialIFC(java.lang.Object, java.lang.Object, int, java.lang.Object, java.lang.Object, java.lang.Object, java.lang.Object)'> (0x0000000083b68eb8) 
thrown [s\open\src\hotspot\share\interpreter\linkResolver.cpp, line 796]
Event: 29.198 Thread 0x0000025990499cc0 Exception <a 'java/lang/IncompatibleClassChangeError'{0x0000000083b4fa00}: Found class java.lang.Object, but interface was expected> (0x0000000083b4fa00) 
thrown [s\open\src\hotspot\share\interpreter\linkResolver.cpp, line 863]
Event: 35.929 Thread 0x000002599049b070 Implicit null exception at 0x000002593b7a4b5b to 0x000002593b7a4bcc
Event: 36.008 Thread 0x000002599049b070 Implicit null exception at 0x000002593b66fa2f to 0x000002593b66fb80
Event: 36.628 Thread 0x000002599049b070 Implicit null exception at 0x000002593b68cebd to 0x000002593b68e434
Event: 36.628 Thread 0x000002599049b070 Implicit null exception at 0x000002593b7bc494 to 0x000002593b7bc790
Event: 36.631 Thread 0x000002599049b070 Exception <a 'java/lang/NoSuchMethodError'{0x000000008cb7ca00}: 'java.lang.Object java.lang.invoke.DirectMethodHandle$Holder.invokeInterface(java.lang.Object, java.lang.Object, java.lang.Object, java.lang.Object, java.lang.Object)'> (0x000000008cb7ca00) 
thrown [s\open\src\hotspot\share\interpreter\linkResolver.cpp, line 796]
Event: 36.678 Thread 0x000002599049b070 Implicit null exception at 0x000002593b7cb38e to 0x000002593b7cc3c4
Event: 36.679 Thread 0x000002599049b070 Implicit null exception at 0x000002593b6b1635 to 0x000002593b6b42d0
Event: 36.679 Thread 0x000002599049b070 Implicit null exception at 0x000002593b56d876 to 0x000002593b56e451
Event: 36.679 Thread 0x000002599049b070 Implicit null exception at 0x000002593b626839 to 0x000002593b626ec4
Event: 36.679 Thread 0x000002599049b070 Implicit null exception at 0x000002593b61e03e to 0x000002593b61f384

VM Operations (20 events):
Event: 35.608 Executing VM operation: G1PauseRemark done
Event: 35.709 Executing VM operation: G1PauseCleanup
Event: 35.710 Executing VM operation: G1PauseCleanup done
Event: 36.058 Executing VM operation: G1CollectForAllocation (G1 Evacuation Pause)
Event: 36.159 Executing VM operation: G1CollectForAllocation (G1 Evacuation Pause) done
Event: 41.731 Executing VM operation: G1CollectForAllocation (G1 Evacuation Pause)
Event: 41.763 Executing VM operation: G1CollectForAllocation (G1 Evacuation Pause) done
Event: 43.491 Executing VM operation: G1TryInitiateConcMark (G1 Humongous Allocation)
Event: 43.526 Executing VM operation: G1TryInitiateConcMark (G1 Humongous Allocation) done
Event: 43.791 Executing VM operation: G1PauseRemark
Event: 43.801 Executing VM operation: G1PauseRemark done
Event: 43.901 Executing VM operation: G1PauseCleanup
Event: 43.901 Executing VM operation: G1PauseCleanup done
Event: 44.105 Executing VM operation: G1CollectForAllocation (G1 Evacuation Pause)
Event: 44.139 Executing VM operation: G1CollectForAllocation (G1 Evacuation Pause) done
Event: 44.411 Executing VM operation: G1CollectForAllocation (G1 Evacuation Pause)
Event: 44.479 Executing VM operation: G1CollectForAllocation (G1 Evacuation Pause) done
Event: 44.648 Executing VM operation: G1CollectForAllocation (G1 Evacuation Pause)
Event: 44.734 Executing VM operation: G1CollectForAllocation (G1 Evacuation Pause) done
Event: 44.812 Executing VM operation: G1TryInitiateConcMark (G1 Humongous Allocation)

Memory protections (0 events):
No events

Nmethod flushes (20 events):
Event: 43.800 Thread 0x0000025947a95950 flushing  nmethod 0x000002593b7c3d88
Event: 43.800 Thread 0x0000025947a95950 flushing osr nmethod 0x0000025933aa9308
Event: 43.800 Thread 0x0000025947a95950 flushing  nmethod 0x0000025934317d08
Event: 43.800 Thread 0x0000025947a95950 flushing  nmethod 0x0000025934367208
Event: 43.800 Thread 0x0000025947a95950 flushing  nmethod 0x00000259343ac288
Event: 43.800 Thread 0x0000025947a95950 flushing  nmethod 0x00000259343ada08
Event: 43.800 Thread 0x0000025947a95950 flushing  nmethod 0x00000259343aec88
Event: 43.800 Thread 0x0000025947a95950 flushing  nmethod 0x00000259343b3f08
Event: 43.800 Thread 0x0000025947a95950 flushing  nmethod 0x00000259343b6608
Event: 43.800 Thread 0x0000025947a95950 flushing  nmethod 0x00000259343b7a08
Event: 43.800 Thread 0x0000025947a95950 flushing  nmethod 0x00000259343b9988
Event: 43.800 Thread 0x0000025947a95950 flushing  nmethod 0x00000259343b9d88
Event: 43.800 Thread 0x0000025947a95950 flushing  nmethod 0x00000259343ba388
Event: 43.800 Thread 0x0000025947a95950 flushing  nmethod 0x00000259343cf988
Event: 43.800 Thread 0x0000025947a95950 flushing  nmethod 0x00000259343d0c08
Event: 43.800 Thread 0x0000025947a95950 flushing  nmethod 0x00000259343d1e88
Event: 43.800 Thread 0x0000025947a95950 flushing  nmethod 0x00000259343d3108
Event: 43.800 Thread 0x0000025947a95950 flushing  nmethod 0x00000259343d6888
Event: 43.800 Thread 0x0000025947a95950 flushing  nmethod 0x00000259343d8d88
Event: 43.800 Thread 0x0000025947a95950 flushing  nmethod 0x00000259343d9388

Events (20 events):
Event: 8.205 Thread 0x000002598d9ebd30 Thread exited: 0x000002598d9ebd30
Event: 11.228 Thread 0x000002592b312d00 Thread added: 0x00000259904d4e00
Event: 11.230 Thread 0x00000259904d4e00 Thread added: 0x00000259904d3a50
Event: 11.241 Thread 0x000002592b312d00 Thread added: 0x00000259904d5490
Event: 11.282 Thread 0x000002592b312d00 Thread added: 0x00000259904d5b20
Event: 17.437 Thread 0x000002592b312d00 Thread added: 0x00000259904d33c0
Event: 21.536 Thread 0x000002592b312d00 Thread added: 0x0000025990499cc0
Event: 21.537 Thread 0x000002592b312d00 Thread added: 0x000002599049a9e0
Event: 21.537 Thread 0x000002592b312d00 Thread added: 0x0000025990496ed0
Event: 21.537 Thread 0x000002592b312d00 Thread added: 0x000002599049d7d0
Event: 21.538 Thread 0x000002592b312d00 Thread added: 0x000002599049e4f0
Event: 21.538 Thread 0x000002592b312d00 Thread added: 0x000002599049b070
Event: 21.538 Thread 0x000002592b312d00 Thread added: 0x000002599049bd90
Event: 21.539 Thread 0x000002592b312d00 Thread added: 0x000002599049b700
Event: 21.539 Thread 0x000002592b312d00 Thread added: 0x0000025990497bf0
Event: 21.539 Thread 0x000002592b312d00 Thread added: 0x0000025990498280
Event: 21.565 Thread 0x000002592b312d00 Thread added: 0x0000025990497560
Event: 21.567 Thread 0x000002592b312d00 Thread added: 0x000002599049c420
Event: 21.596 Thread 0x000002592b312d00 Thread exited: 0x000002592b312d00
Event: 21.597 Thread 0x000002599049cab0 Thread added: 0x000002599049cab0


Dynamic libraries:
0x00007ff779b20000 - 0x00007ff779b2e000 	C:\Users\Nesrine.Dhouioui\.jdks\openjdk-23.0.2-1\bin\java.exe
0x00007ffc9f0e0000 - 0x00007ffc9f2af000 	C:\Windows\SYSTEM32\ntdll.dll
0x00007ffc9eec0000 - 0x00007ffc9ef6d000 	C:\Windows\System32\KERNEL32.DLL
0x00007ffc9eca0000 - 0x00007ffc9eebe000 	C:\Windows\System32\KERNELBASE.dll
0x00007ffc9bb30000 - 0x00007ffc9bc24000 	C:\Windows\System32\ucrtbase.dll
0x000000007c320000 - 0x000000007c35c000 	C:\Windows\System32\cyinjct.dll
0x00007ffc9eb30000 - 0x00007ffc9eb39000 	C:\Windows\System32\ntnativeapi.dll
0x00007ffc85010000 - 0x00007ffc85027000 	C:\Users\Nesrine.Dhouioui\.jdks\openjdk-23.0.2-1\bin\jli.dll
0x0000025928eb0000 - 0x0000025929016000 	C:\Windows\System32\USER32.dll
0x00007ffc9bed0000 - 0x00007ffc9beee000 	C:\Windows\System32\win32u.dll
0x00007ffc9dff0000 - 0x00007ffc9e024000 	C:\Windows\System32\GDI32.dll
0x00007ffc9bfa0000 - 0x00007ffc9c124000 	C:\Windows\System32\gdi32full.dll
0x00007ffc84fe0000 - 0x00007ffc84ffb000 	C:\Users\Nesrine.Dhouioui\.jdks\openjdk-23.0.2-1\bin\VCRUNTIME140.dll
0x00007ffc89e30000 - 0x00007ffc8a0aa000 	C:\Windows\WinSxS\amd64_microsoft.windows.common-controls_6595b64144ccf1df_6.0.14393.4169_none_7de0bbf28341b1f2\COMCTL32.dll
0x00007ffc9e820000 - 0x00007ffc9e8be000 	C:\Windows\System32\msvcrt.dll
0x00007ffc9c470000 - 0x00007ffc9c736000 	C:\Windows\System32\combase.dll
0x00007ffc9eb80000 - 0x00007ffc9ec9b000 	C:\Windows\System32\RPCRT4.dll
0x00007ffc9bc30000 - 0x00007ffc9bc9c000 	C:\Windows\System32\bcryptPrimitives.dll
0x00007ffc9eb10000 - 0x00007ffc9eb2e000 	C:\Windows\System32\cyvera.dll
0x00007ffc9ea90000 - 0x00007ffc9eb10000 	C:\Windows\System32\cyvrtrap.dll
0x00007ffc9e5f0000 - 0x00007ffc9e61e000 	C:\Windows\System32\IMM32.DLL
0x00007ffc93bd0000 - 0x00007ffc93bdc000 	C:\Users\Nesrine.Dhouioui\.jdks\openjdk-23.0.2-1\bin\vcruntime140_1.dll
0x00007ffc82e70000 - 0x00007ffc82efe000 	C:\Users\Nesrine.Dhouioui\.jdks\openjdk-23.0.2-1\bin\msvcp140.dll
0x00007ffc59300000 - 0x00007ffc5a050000 	C:\Users\Nesrine.Dhouioui\.jdks\openjdk-23.0.2-1\bin\server\jvm.dll
0x00007ffc9e4d0000 - 0x00007ffc9e577000 	C:\Windows\System32\ADVAPI32.dll
0x00007ffc9e9f0000 - 0x00007ffc9ea4d000 	C:\Windows\System32\sechost.dll
0x00007ffc9bca0000 - 0x00007ffc9bccb000 	C:\Windows\System32\bcrypt.dll
0x00007ffc9b400000 - 0x00007ffc9b44c000 	C:\Windows\System32\POWRPROF.dll
0x00007ffc9c330000 - 0x00007ffc9c39a000 	C:\Windows\System32\WS2_32.dll
0x00007ffc991e0000 - 0x00007ffc99203000 	C:\Windows\SYSTEM32\WINMM.dll
0x00007ffc96db0000 - 0x00007ffc96dba000 	C:\Windows\SYSTEM32\VERSION.dll
0x00007ffc99180000 - 0x00007ffc991ab000 	C:\Windows\SYSTEM32\WINMMBASE.dll
0x00007ffc9bcd0000 - 0x00007ffc9bd12000 	C:\Windows\System32\cfgmgr32.dll
0x00007ffc9b3f0000 - 0x00007ffc9b3ff000 	C:\Windows\System32\kernel.appcore.dll
0x00007ffc91cb0000 - 0x00007ffc91cba000 	C:\Users\Nesrine.Dhouioui\.jdks\openjdk-23.0.2-1\bin\jimage.dll
0x00007ffc92f40000 - 0x00007ffc930d2000 	C:\Windows\SYSTEM32\DBGHELP.DLL
0x00007ffc917b0000 - 0x00007ffc917d9000 	C:\Windows\SYSTEM32\dbgcore.DLL
0x00007ffc852a0000 - 0x00007ffc852af000 	C:\Users\Nesrine.Dhouioui\.jdks\openjdk-23.0.2-1\bin\instrument.dll
0x00007ffc84f50000 - 0x00007ffc84f6e000 	C:\Users\Nesrine.Dhouioui\.jdks\openjdk-23.0.2-1\bin\java.dll
0x00007ffc9c740000 - 0x00007ffc9c879000 	C:\Windows\System32\ole32.dll
0x00007ffc9c880000 - 0x00007ffc9dd86000 	C:\Windows\System32\SHELL32.dll
0x00007ffc9b450000 - 0x00007ffc9bb23000 	C:\Windows\System32\windows.storage.dll
0x00007ffc9c3a0000 - 0x00007ffc9c3f2000 	C:\Windows\System32\shlwapi.dll
0x00007ffc9bd20000 - 0x00007ffc9bdc8000 	C:\Windows\System32\shcore.dll
0x00007ffc9b3d0000 - 0x00007ffc9b3e4000 	C:\Windows\System32\profapi.dll
0x00007ffc9ea50000 - 0x00007ffc9ea88000 	C:\Program Files\Palo Alto Networks\Traps\cyjagent.dll
0x00007ffc82d40000 - 0x00007ffc82e17000 	C:\Users\Nesrine.Dhouioui\.jdks\openjdk-23.0.2-1\bin\jsvml.dll
0x00007ffc83370000 - 0x00007ffc83387000 	C:\Users\Nesrine.Dhouioui\.jdks\openjdk-23.0.2-1\bin\zip.dll
0x00007ffc84f40000 - 0x00007ffc84f50000 	C:\Users\Nesrine.Dhouioui\.jdks\openjdk-23.0.2-1\bin\net.dll
0x00007ffc9acb0000 - 0x00007ffc9ad0d000 	C:\Windows\system32\mswsock.dll
0x00007ffc82d20000 - 0x00007ffc82d36000 	C:\Users\Nesrine.Dhouioui\.jdks\openjdk-23.0.2-1\bin\nio.dll
0x00007ffc82730000 - 0x00007ffc8274a000 	C:\Program Files\JetBrains\IntelliJ IDEA Community Edition 2024.3.3\bin\breakgen64.dll
0x00007ffc84f00000 - 0x00007ffc84f09000 	C:\Users\Nesrine.Dhouioui\.jdks\openjdk-23.0.2-1\bin\extnet.dll
0x00007ffc82d10000 - 0x00007ffc82d1e000 	C:\Users\Nesrine.Dhouioui\.jdks\openjdk-23.0.2-1\bin\sunmscapi.dll
0x00007ffc9c130000 - 0x00007ffc9c32a000 	C:\Windows\System32\CRYPT32.dll
0x00007ffc9b3c0000 - 0x00007ffc9b3d0000 	C:\Windows\System32\MSASN1.dll
0x00007ffc9af40000 - 0x00007ffc9af66000 	C:\Windows\SYSTEM32\ncrypt.dll
0x00007ffc9af00000 - 0x00007ffc9af3b000 	C:\Windows\SYSTEM32\NTASN1.dll
0x00007ffc9ae60000 - 0x00007ffc9ae77000 	C:\Windows\SYSTEM32\CRYPTSP.dll
0x00007ffc9a870000 - 0x00007ffc9a8a3000 	C:\Windows\system32\rsaenh.dll
0x00007ffc9aae0000 - 0x00007ffc9ab00000 	C:\Windows\SYSTEM32\USERENV.dll
0x00007ffc9ae80000 - 0x00007ffc9ae8b000 	C:\Windows\SYSTEM32\CRYPTBASE.dll
0x00007ffc9a9e0000 - 0x00007ffc9aa18000 	C:\Windows\SYSTEM32\IPHLPAPI.DLL
0x00007ffc9c460000 - 0x00007ffc9c468000 	C:\Windows\System32\NSI.dll
0x00007ffc82d00000 - 0x00007ffc82d0a000 	C:\Users\Nesrine.Dhouioui\.jdks\openjdk-23.0.2-1\bin\management.dll
0x00007ffc82cf0000 - 0x00007ffc82cfb000 	C:\Users\Nesrine.Dhouioui\.jdks\openjdk-23.0.2-1\bin\management_ext.dll
0x00007ffc9e460000 - 0x00007ffc9e468000 	C:\Windows\System32\PSAPI.DLL
0x00007ffc82ce0000 - 0x00007ffc82cf0000 	C:\Users\Nesrine.Dhouioui\.jdks\openjdk-23.0.2-1\bin\verify.dll

dbghelp: loaded successfully - version: 4.0.5 - missing functions: none
symbol engine: initialized successfully - sym options: 0x614 - pdb path: .;C:\Users\Nesrine.Dhouioui\.jdks\openjdk-23.0.2-1\bin;C:\Windows\SYSTEM32;C:\Windows\WinSxS\amd64_microsoft.windows.common-controls_6595b64144ccf1df_6.0.14393.4169_none_7de0bbf28341b1f2;C:\Users\Nesrine.Dhouioui\.jdks\openjdk-23.0.2-1\bin\server;C:\Program Files\Palo Alto Networks\Traps;C:\Program Files\JetBrains\IntelliJ IDEA Community Edition 2024.3.3\bin

VM Arguments:
jvm_args: -javaagent:C:\Program Files\JetBrains\IntelliJ IDEA Community Edition 2024.3.3\lib\idea_rt.jar=55605:C:\Program Files\JetBrains\IntelliJ IDEA Community Edition 2024.3.3\bin -Dfile.encoding=UTF-8 -Dsun.stdout.encoding=UTF-8 -Dsun.stderr.encoding=UTF-8 -agentpath:C:\Program Files\Palo Alto Networks\Traps\cyjagent.dll 
java_command: com.example.IntegrationAPI.IntegrationApiApplication
java_class_path (initial): C:\Users\Nesrine.Dhouioui\Downloads\IntegrationAPI\IntegrationAPI\IntegrationAPI\target\classes;C:\Users\Nesrine.Dhouioui\.m2\repository\org\springframework\boot\spring-boot-starter-data-jpa\3.4.2\spring-boot-starter-data-jpa-3.4.2.jar;C:\Users\Nesrine.Dhouioui\.m2\repository\org\springframework\boot\spring-boot-starter\3.4.2\spring-boot-starter-3.4.2.jar;C:\Users\Nesrine.Dhouioui\.m2\repository\org\springframework\boot\spring-boot\3.4.2\spring-boot-3.4.2.jar;C:\Users\Nesrine.Dhouioui\.m2\repository\org\springframework\boot\spring-boot-autoconfigure\3.4.2\spring-boot-autoconfigure-3.4.2.jar;C:\Users\Nesrine.Dhouioui\.m2\repository\org\springframework\boot\spring-boot-starter-logging\3.4.2\spring-boot-starter-logging-3.4.2.jar;C:\Users\Nesrine.Dhouioui\.m2\repository\ch\qos\logback\logback-classic\1.5.16\logback-classic-1.5.16.jar;C:\Users\Nesrine.Dhouioui\.m2\repository\ch\qos\logback\logback-core\1.5.16\logback-core-1.5.16.jar;C:\Users\Nesrine.Dhouioui\.m2\repository\org\apache\logging\log4j\log4j-to-slf4j\2.24.3\log4j-to-slf4j-2.24.3.jar;C:\Users\Nesrine.Dhouioui\.m2\repository\org\apache\logging\log4j\log4j-api\2.24.3\log4j-api-2.24.3.jar;C:\Users\Nesrine.Dhouioui\.m2\repository\org\slf4j\jul-to-slf4j\2.0.16\jul-to-slf4j-2.0.16.jar;C:\Users\Nesrine.Dhouioui\.m2\repository\jakarta\annotation\jakarta.annotation-api\2.1.1\jakarta.annotation-api-2.1.1.jar;C:\Users\Nesrine.Dhouioui\.m2\repository\org\yaml\snakeyaml\2.3\snakeyaml-2.3.jar;C:\Users\Nesrine.Dhouioui\.m2\repository\org\springframework\boot\spring-boot-starter-jdbc\3.4.2\spring-boot-starter-jdbc-3.4.2.jar;C:\Users\Nesrine.Dhouioui\.m2\repository\com\zaxxer\HikariCP\5.1.0\HikariCP-5.1.0.jar;C:\Users\Nesrine.Dhouioui\.m2\repository\org\springframework\spring-jdbc\6.2.2\spring-jdbc-6.2.2.jar;C:\Users\Nesrine.Dhouioui\.m2\repository\org\hibernate\orm\hibernate-core\6.6.5.Final\hibernate-core-6.6.5.Final.jar;C:\Users\Nesrine.Dhouioui\.m2\repository\jakarta\persistence\jakarta.persistence-api\3.1.0\jakarta.persistence-api-3.1.0.jar;C:\Users\Nesrine.Dhouioui\.m2\repository\jakarta\transaction\jakarta.transaction-api\2.0.1\jakarta.transaction-api-2.0.1.jar;C:\Users\Nesrine.Dhouioui\.m2\repository\org\jboss\logging\jboss-logging\3.6.1.Final\jboss-logging-3.6.1.Final.jar;C:\Users\Nesrine.Dhouioui\.m2\repository\org\hibernate\common\hibernate-commons-annotations\7.0.3.Final\hibernate-commons-annotations-7.0.3.Final.jar;C:\Users\Nesrine.Dhouioui\.m2\repository\io\smallrye\jandex\3.2.0\jandex-3.2.0.jar;C:\Users\Nesrine.Dhouioui\.m2\repository\com\fasterxml\classmate\1.7.0\classmate-1.7.0.jar;C:\Users\Nesrine.Dhouioui\.m2\repository\net\bytebuddy\byte-buddy\1.15.11\byte-buddy-1.15.11.jar;C:\Users\Nesrine.Dhouioui\.m2\repository\org\glassfish\jaxb\jaxb-runtime\4.0.5\jaxb-runtime-4.0.5.jar;C:\Users\Nesrine.Dhouioui\.m2\repository\org\glassfish\jaxb\jaxb-core\4.0.5\jaxb-core-4.0.5.jar;C:\Users\Nesrine.Dhouioui\.m2\repository\org\eclipse\angus\angus-activation\2.0.2\angus-activation-2.0.2.jar;C:\Users\Nesrine.Dhouioui\.m2\repository\org\glassfish\jaxb\txw2\4.0.5\txw2-4.0.5.jar;C:\Users\Nesrine.Dhouioui\.m2\repository\com\sun\istack\istack-commons-runtime\4.1.2\istack-commons-runtime-4.1.2.jar;C:\Users\Nesrine.Dhouioui\.m2\repository\jakarta\inject\jakarta.inject-api\2.0.1\jakarta.inject-api-2.0.1.jar;C:\Users\Nesrine.Dhouioui\.m2\repository\org\antlr\antlr4-runtime\4.13.0\antlr4-runtime-4.13.0.jar;C:\Users\Nesrine.Dhouioui\.m2\repository\org\springframework\data\spring-data-jpa\3.4.2\spring-data-jpa-3.4.2.jar;C:\Users\Nesrine.Dhouioui\.m2\repository\org\springframework\data\spring-data-commons\3.4.2\spring-data-commons-3.4.2.jar;C:\Users\Nesrine.Dhouioui\.m2\repository\org\springframework\spring-orm\6.2.2\spring-orm-6.2.2.jar;C:\Users\Nesrine.Dhouioui\.m2\repository\org\springframework\spring-context\6.2.2\spring-context-6.2.2.jar;C:\Users\Nesrine.Dhouioui\.m2\repository\org\springframework\spring-aop\6.2.2\spring-aop-6.2.2.jar;C:\Users\Nesrine.Dhouioui\.m2\repository\org\springframework\spring-tx\6.2.2\spring-tx-6.2.2.jar;C:\Users\Nesrine.Dhouioui\.m2\repository\org\springframework\spring-beans\6.2.2\spring-beans-6.2.2.jar;C:\Users\Nesrine.Dhouioui\.m2\repository\org\slf4j\slf4j-api\2.0.16\slf4j-api-2.0.16.jar;C:\Users\Nesrine.Dhouioui\.m2\repository\org\springframework\spring-aspects\6.2.2\spring-aspects-6.2.2.jar;C:\Users\Nesrine.Dhouioui\.m2\repository\org\aspectj\aspectjweaver\1.9.22.1\aspectjweaver-1.9.22.1.jar;C:\Users\Nesrine.Dhouioui\.m2\repository\org\springframework\boot\spring-boot-starter-web\3.4.2\spring-boot-starter-web-3.4.2.jar;C:\Users\Nesrine.Dhouioui\.m2\repository\org\springframework\boot\spring-boot-starter-json\3.4.2\spring-boot-starter-json-3.4.2.jar;C:\Users\Nesrine.Dhouioui\.m2\repository\com\fasterxml\jackson\core\jackson-databind\2.18.2\jackson-databind-2.18.2.jar;C:\Users\Nesrine.Dhouioui\.m2\repository\com\fasterxml\jackson\core\jackson-annotations\2.18.2\jackson-annotations-2.18.2.jar;C:\Users\Nesrine.Dhouioui\.m2\repository\com\fasterxml\jackson\core\jackson-core\2.18.2\jackson-core-2.18.2.jar;C:\Users\Nesrine.Dhouioui\.m2\repository\com\fasterxml\jackson\datatype\jackson-datatype-jdk8\2.18.2\jackson-datatype-jdk8-2.18.2.jar;C:\Users\Nesrine.Dhouioui\.m2\repository\com\fasterxml\jackson\datatype\jackson-datatype-jsr310\2.18.2\jackson-datatype-jsr310-2.18.2.jar;C:\Users\Nesrine.Dhouioui\.m2\repository\com\fasterxml\jackson\module\jackson-module-parameter-names\2.18.2\jackson-module-parameter-names-2.18.2.jar;C:\Users\Nesrine.Dhouioui\.m2\repository\org\springframework\boot\spring-boot-starter-tomcat\3.4.2\spring-boot-starter-tomcat-3.4.2.jar;C:\Users\Nesrine.Dhouioui\.m2\repository\org\apache\tomcat\embed\tomcat-embed-core\10.1.34\tomcat-embed-core-10.1.34.jar;C:\Users\Nesrine.Dhouioui\.m2\repository\org\apache\tomcat\embed\tomcat-embed-el\10.1.34\tomcat-embed-el-10.1.34.jar;C:\Users\Nesrine.Dhouioui\.m2\repository\org\apache\tomcat\embed\tomcat-embed-websocket\10.1.34\tomcat-embed-websocket-10.1.34.jar;C:\Users\Nesrine.Dhouioui\.m2\repository\org\springframework\spring-web\6.2.2\spring-web-6.2.2.jar;C:\Users\Nesrine.Dhouioui\.m2\repository\io\micrometer\micrometer-observation\1.14.3\micrometer-observation-1.14.3.jar;C:\Users\Nesrine.Dhouioui\.m2\repository\io\micrometer\micrometer-commons\1.14.3\micrometer-commons-1.14.3.jar;C:\Users\Nesrine.Dhouioui\.m2\repository\org\springframework\spring-webmvc\6.2.2\spring-webmvc-6.2.2.jar;C:\Users\Nesrine.Dhouioui\.m2\repository\org\springframework\spring-expression\6.2.2\spring-expression-6.2.2.jar;C:\Users\Nesrine.Dhouioui\.m2\repository\org\postgresql\postgresql\42.7.5\postgresql-42.7.5.jar;C:\Users\Nesrine.Dhouioui\.m2\repository\org\checkerframework\checker-qual\3.48.3\checker-qual-3.48.3.jar;C:\Users\Nesrine.Dhouioui\.m2\repository\mysql\mysql-connector-java\8.0.30\mysql-connector-java-8.0.30.jar;C:\Users\Nesrine.Dhouioui\.m2\repository\com\google\protobuf\protobuf-java\3.19.4\protobuf-java-3.19.4.jar;C:\Users\Nesrine.Dhouioui\.m2\repository\jakarta\xml\bind\jakarta.xml.bind-api\4.0.2\jakarta.xml.bind-api-4.0.2.jar;C:\Users\Nesrine.Dhouioui\.m2\repository\jakarta\activation\jakarta.activation-api\2.1.3\jakarta.activation-api-2.1.3.jar;C:\Users\Nesrine.Dhouioui\.m2\repository\org\springframework\spring-core\6.2.2\spring-core-6.2.2.jar;C:\Users\Nesrine.Dhouioui\.m2\repository\org\springframework\spring-jcl\6.2.2\spring-jcl-6.2.2.jar
Launcher Type: SUN_STANDARD

[Global flags]
     intx CICompilerCount                          = 3                                         {product} {ergonomic}
     uint ConcGCThreads                            = 1                                         {product} {ergonomic}
     uint G1ConcRefinementThreads                  = 4                                         {product} {ergonomic}
   size_t G1HeapRegionSize                         = 1048576                                   {product} {ergonomic}
   size_t InitialHeapSize                          = 134217728                                 {product} {ergonomic}
   size_t MarkStackSize                            = 4194304                                   {product} {ergonomic}
   size_t MarkStackSizeMax                         = 536870912                                 {product} {ergonomic}
   size_t MaxHeapSize                              = 2147483648                                {product} {ergonomic}
   size_t MaxNewSize                               = 1287651328                                {product} {ergonomic}
   size_t MinHeapDeltaBytes                        = 1048576                                   {product} {ergonomic}
   size_t MinHeapSize                              = 8388608                                   {product} {ergonomic}
    uintx NonNMethodCodeHeapSize                   = 5832704                                {pd product} {ergonomic}
    uintx NonProfiledCodeHeapSize                  = 122945536                              {pd product} {ergonomic}
    uintx ProfiledCodeHeapSize                     = 122880000                              {pd product} {ergonomic}
    uintx ReservedCodeCacheSize                    = 251658240                              {pd product} {ergonomic}
     bool SegmentedCodeCache                       = true                                      {product} {ergonomic}
   size_t SoftMaxHeapSize                          = 2147483648                             {manageable} {ergonomic}
     bool UseCompressedOops                        = true                           {product lp64_product} {ergonomic}
     bool UseG1GC                                  = true                                      {product} {ergonomic}
     bool UseLargePagesIndividualAllocation        = false                                  {pd product} {ergonomic}

Logging:
Log output configuration:
 #0: stdout all=warning uptime,level,tags foldmultilines=false
 #1: stderr all=off uptime,level,tags foldmultilines=false

Environment Variables:
PATH=C:\Program Files\Common Files\Oracle\Java\javapath;C:\Program Files\nodejs\;C:\Program Files\Git\cmd;C:\Users\Amine.ElMabrouk\AppData\Roaming\npm;C:\Users\Nesrine.Dhouioui\AppData\Local\Microsoft\WindowsApps;C:\Users\Nesrine.Dhouioui\AppData\Local\Programs\Microsoft VS Code\bin;C:\Users\Nesrine.Dhouioui\AppData\Roaming\npm
USERNAME=Nesrine.Dhouioui
OS=Windows_NT
PROCESSOR_IDENTIFIER=Intel64 Family 6 Model 45 Stepping 7, GenuineIntel
TMP=C:\Users\NESRIN~1.DHO\AppData\Local\Temp\3
TEMP=C:\Users\NESRIN~1.DHO\AppData\Local\Temp\3




Periodic native trim disabled

---------------  S Y S T E M  ---------------

OS:
 Windows Server 2016 , 64 bit Build 14393 (10.0.14393.5786)
OS uptime: 1 days 22:54 hours
VMWare virtualization detected

CPU: total 4 (initial active 4) (2 cores per cpu, 1 threads per core) family 6 model 45 stepping 7 microcode 0x718, cx8, cmov, fxsr, mmx, sse, sse2, sse3, ssse3, sse4.1, sse4.2, popcnt, tsc, tscinvbit, avx, aes, clmul, vzeroupper, clflush, hv, rdtscp
Processor Information for the first 4 processors :
  Max Mhz: 2400, Current Mhz: 2400, Mhz Limit: 2400

Memory: 4k page, system-wide physical 8191M (123M free)
TotalPageFile size 18368M (AvailPageFile size 248M)
current process WorkingSet (physical memory assigned to process): 453M, peak: 453M
current process commit charge ("private bytes"): 484M, peak: 878M

vm_info: OpenJDK 64-Bit Server VM (23.0.2+7-58) for windows-amd64 JRE (23.0.2+7-58), built on 2024-11-29T09:34:55Z with MS VC++ 17.6 (VS2022)

END.
