#
# There is insufficient memory for the Java Runtime Environment to continue.
# Native memory allocation (mmap) failed to map 65536 bytes. Error detail: Failed to commit metaspace.
# Possible reasons:
#   The system is out of physical RAM or swap space
#   This process is running with CompressedOops enabled, and the Java Heap may be blocking the growth of the native heap
# Possible solutions:
#   Reduce memory load on the system
#   Increase physical memory or swap space
#   Check if swap backing store is full
#   Decrease Java heap size (-Xmx/-Xms)
#   Decrease number of Java threads
#   Decrease Java thread stack sizes (-Xss)
#   Set larger code cache with -XX:ReservedCodeCacheSize=
#   JVM is running with Unscaled Compressed Oops mode in which the Java heap is
#     placed in the first 4GB address space. The Java Heap base address is the
#     maximum limit for the native heap growth. Please use -XX:HeapBaseMinAddress
#     to set the Java Heap base and to place the Java Heap above 4GB virtual address.
# This output file may be truncated or incomplete.
#
#  Out of Memory Error (virtualSpaceNode.cpp:113), pid=2056, tid=19424
#
# JRE version: OpenJDK Runtime Environment (23.0.2+7) (build 23.0.2+7-58)
# Java VM: OpenJDK 64-Bit Server VM (23.0.2+7-58, mixed mode, sharing, tiered, compressed oops, compressed class ptrs, g1 gc, windows-amd64)
# Core dump will be written. Default location: C:\Users\Nesrine.Dhouioui\Downloads\IntegrationAPI\IntegrationAPI\IntegrationAPI\hs_err_pid2056.mdmp
#

---------------  S U M M A R Y ------------

Command Line: -javaagent:C:\Program Files\JetBrains\IntelliJ IDEA Community Edition 2024.3.3\lib\idea_rt.jar=34952:C:\Program Files\JetBrains\IntelliJ IDEA Community Edition 2024.3.3\bin -Dfile.encoding=UTF-8 -Dsun.stdout.encoding=UTF-8 -Dsun.stderr.encoding=UTF-8 -agentpath:C:\Program Files\Palo Alto Networks\Traps\cyjagent.dll com.example.IntegrationAPI.IntegrationApiApplication

Host: Intel(R) Xeon(R) CPU E5-2665 0 @ 2.40GHz, 4 cores, 7G,  Windows Server 2016 , 64 bit Build 14393 (10.0.14393.5786)
Time: Mon Mar  3 10:35:13 2025 Afrique du Centre-Ouest elapsed time: 10.621995 seconds (0d 0h 0m 10s)

---------------  T H R E A D  ---------------

Current thread (0x000002a221afb460):  JavaThread "C1 CompilerThread0" daemon [_thread_in_vm, id=19424, stack(0x000000f25b900000,0x000000f25ba00000) (1024K)]


Current CompileTask:
C1:10627 2125       3       jdk.internal.misc.Unsafe::getAndAddInt (27 bytes)

Stack: [0x000000f25b900000,0x000000f25ba00000]
Native frames: (J=compiled Java code, j=interpreted, Vv=VM code, C=native code)
V  [jvm.dll+0x6e0b99]  (no source info available)
V  [jvm.dll+0x87e2b3]  (no source info available)
V  [jvm.dll+0x88073e]  (no source info available)
V  [jvm.dll+0x880e13]  (no source info available)
V  [jvm.dll+0x27b006]  (no source info available)
V  [jvm.dll+0x879ebe]  (no source info available)
V  [jvm.dll+0x6822f5]  (no source info available)
V  [jvm.dll+0x68235a]  (no source info available)
V  [jvm.dll+0x684b9a]  (no source info available)
V  [jvm.dll+0x221aec]  (no source info available)
V  [jvm.dll+0x682d0e]  (no source info available)
V  [jvm.dll+0x69436a]  (no source info available)
V  [jvm.dll+0x68d3c2]  (no source info available)
V  [jvm.dll+0x1ee970]  (no source info available)
V  [jvm.dll+0x1eeb58]  (no source info available)
V  [jvm.dll+0x150102]  (no source info available)
V  [jvm.dll+0x1504db]  (no source info available)
V  [jvm.dll+0x14f8a8]  (no source info available)
V  [jvm.dll+0x1516ed]  (no source info available)
V  [jvm.dll+0x253df1]  (no source info available)
V  [jvm.dll+0x2520aa]  (no source info available)
V  [jvm.dll+0x3ee226]  (no source info available)
V  [jvm.dll+0x8254cb]  (no source info available)
V  [jvm.dll+0x6df345]  (no source info available)
C  [ucrtbase.dll+0x1fb80]  (no source info available)
C  [cyinjct.dll+0x11e7]  (no source info available)
C  [KERNEL32.DLL+0x84d4]  (no source info available)
C  [ntdll.dll+0x51a11]  (no source info available)

Lock stack of current Java thread (top to bottom):


---------------  P R O C E S S  ---------------

Threads class SMR info:
_java_thread_list=0x000002a26759f0e0, length=13, elements={
0x000002a205267340, 0x000002a221ad5b60, 0x000002a221ad77d0, 0x000002a221af30f0,
0x000002a221af3d50, 0x000002a221af48b0, 0x000002a221af5e80, 0x000002a221af94d0,
0x000002a221afb460, 0x000002a221be3f50, 0x000002a267159bc0, 0x000002a267167460,
0x000002a2675919c0
}

Java Threads: ( => current thread )
  0x000002a205267340 JavaThread "main"                              [_thread_in_vm, id=1012, stack(0x000000f25aa00000,0x000000f25ab00000) (1024K)]
  0x000002a221ad5b60 JavaThread "Reference Handler"          daemon [_thread_blocked, id=15620, stack(0x000000f25b200000,0x000000f25b300000) (1024K)]
  0x000002a221ad77d0 JavaThread "Finalizer"                  daemon [_thread_blocked, id=20084, stack(0x000000f25b300000,0x000000f25b400000) (1024K)]
  0x000002a221af30f0 JavaThread "Signal Dispatcher"          daemon [_thread_blocked, id=18608, stack(0x000000f25b400000,0x000000f25b500000) (1024K)]
  0x000002a221af3d50 JavaThread "Attach Listener"            daemon [_thread_blocked, id=19592, stack(0x000000f25b500000,0x000000f25b600000) (1024K)]
  0x000002a221af48b0 JavaThread "Service Thread"             daemon [_thread_blocked, id=19624, stack(0x000000f25b600000,0x000000f25b700000) (1024K)]
  0x000002a221af5e80 JavaThread "Monitor Deflation Thread"   daemon [_thread_blocked, id=20104, stack(0x000000f25b700000,0x000000f25b800000) (1024K)]
  0x000002a221af94d0 JavaThread "C2 CompilerThread0"         daemon [_thread_blocked, id=18448, stack(0x000000f25b800000,0x000000f25b900000) (1024K)]
=>0x000002a221afb460 JavaThread "C1 CompilerThread0"         daemon [_thread_in_vm, id=19424, stack(0x000000f25b900000,0x000000f25ba00000) (1024K)]
  0x000002a221be3f50 JavaThread "Common-Cleaner"             daemon [_thread_blocked, id=19720, stack(0x000000f25ba00000,0x000000f25bb00000) (1024K)]
  0x000002a267159bc0 JavaThread "Monitor Ctrl-Break"         daemon [_thread_in_native, id=20308, stack(0x000000f25bb00000,0x000000f25bc00000) (1024K)]
  0x000002a267167460 JavaThread "Notification Thread"        daemon [_thread_blocked, id=17556, stack(0x000000f25bc00000,0x000000f25bd00000) (1024K)]
  0x000002a2675919c0 JavaThread "background-preinit"                [_thread_in_vm, id=16804, stack(0x000000f25c000000,0x000000f25c100000) (1024K)]
Total: 13

Other Threads:
  0x000002a221ab7c10 VMThread "VM Thread"                           [id=2104, stack(0x000000f25b100000,0x000000f25b200000) (1024K)]
  0x000002a221a9bc50 WatcherThread "VM Periodic Task Thread"        [id=4416, stack(0x000000f25b000000,0x000000f25b100000) (1024K)]
  0x000002a2052c2bf0 WorkerThread "GC Thread#0"                     [id=15332, stack(0x000000f25ab00000,0x000000f25ac00000) (1024K)]
  0x000002a267796ef0 WorkerThread "GC Thread#1"                     [id=19672, stack(0x000000f25bd00000,0x000000f25be00000) (1024K)]
  0x000002a2677b9210 WorkerThread "GC Thread#2"                     [id=17240, stack(0x000000f25be00000,0x000000f25bf00000) (1024K)]
  0x000002a2677d67a0 WorkerThread "GC Thread#3"                     [id=14228, stack(0x000000f25bf00000,0x000000f25c000000) (1024K)]
  0x000002a202cfd100 ConcurrentGCThread "G1 Main Marker"            [id=20096, stack(0x000000f25ac00000,0x000000f25ad00000) (1024K)]
  0x000002a202cfea40 WorkerThread "G1 Conc#0"                       [id=18676, stack(0x000000f25ad00000,0x000000f25ae00000) (1024K)]
  0x000002a2219619a0 ConcurrentGCThread "G1 Refine#0"               [id=17172, stack(0x000000f25ae00000,0x000000f25af00000) (1024K)]
  0x000002a2219623c0 ConcurrentGCThread "G1 Service"                [id=12256, stack(0x000000f25af00000,0x000000f25b000000) (1024K)]
Total: 10

Threads with active compile tasks:
C1 CompilerThread0  11205 2125       3       jdk.internal.misc.Unsafe::getAndAddInt (27 bytes)
Total: 1

VM state: not at safepoint (normal execution)

VM Mutex/Monitor currently owned by a thread:  ([mutex/lock_event])
[0x00007ff8ffb82888] Metaspace_lock - owner thread: 0x000002a221afb460

Heap address: 0x0000000080000000, size: 2048 MB, Compressed Oops mode: 32-bit

CDS archive(s) mapped at: [0x000002a222000000-0x000002a222d70000-0x000002a222d70000), size 14090240, SharedBaseAddress: 0x000002a222000000, ArchiveRelocationMode: 1.
Compressed class space mapped at: 0x000002a223000000-0x000002a263000000, reserved size: 1073741824
Narrow klass base: 0x000002a222000000, Narrow klass shift: 0, Narrow klass range: 0x41000000

GC Precious Log:
 CardTable entry size: 512
 Card Set container configuration: InlinePtr #cards 5 size 8 Array Of Cards #cards 10 size 36 Howl #buckets 4 coarsen threshold 1843 Howl Bitmap #cards 512 size 80 coarsen threshold 460 Card regions per heap region 1 cards per card region 2048
 CPUs: 4 total, 4 available
 Memory: 8191M
 Large Page Support: Disabled
 NUMA Support: Disabled
 Compressed Oops: Enabled (32-bit)
 Heap Region Size: 1M
 Heap Min Capacity: 8M
 Heap Initial Capacity: 128M
 Heap Max Capacity: 2G
 Pre-touch: Disabled
 Parallel Workers: 4
 Concurrent Workers: 1
 Concurrent Refinement Workers: 4
 Periodic GC: Disabled

Heap:
 garbage-first heap   total reserved 2097152K, committed 131072K, used 21374K [0x0000000080000000, 0x0000000100000000)
  region size 1024K, 17 young (17408K), 2 survivors (2048K)
 Metaspace       used 12882K, committed 13120K, reserved 1114112K
  class space    used 1600K, committed 1728K, reserved 1048576K

Heap Regions: E=young(eden), S=young(survivor), O=old, HS=humongous(starts), HC=humongous(continues), CS=collection set, F=free, TAMS=top-at-mark-start, PB=parsable bottom
|   0|0x0000000080000000, 0x0000000080100000, 0x0000000080100000|100%|HS|  |TAMS 0x0000000080000000| PB 0x0000000080000000| Complete |  0
|   1|0x0000000080100000, 0x0000000080200000, 0x0000000080200000|100%|HS|  |TAMS 0x0000000080100000| PB 0x0000000080100000| Complete |  0
|   2|0x0000000080200000, 0x0000000080300000, 0x0000000080300000|100%| O|  |TAMS 0x0000000080200000| PB 0x0000000080200000| Untracked |  0
|   3|0x0000000080300000, 0x0000000080400000, 0x0000000080400000|100%| O|  |TAMS 0x0000000080300000| PB 0x0000000080300000| Untracked |  0
|   4|0x0000000080400000, 0x0000000080500000, 0x0000000080500000|100%| O|  |TAMS 0x0000000080400000| PB 0x0000000080400000| Untracked |  0
|   5|0x0000000080500000, 0x0000000080600000, 0x0000000080600000|100%| O|  |TAMS 0x0000000080500000| PB 0x0000000080500000| Untracked |  0
|   6|0x0000000080600000, 0x00000000806a7a10, 0x0000000080700000| 65%| O|  |TAMS 0x0000000080600000| PB 0x0000000080600000| Untracked |  0
|   7|0x0000000080700000, 0x0000000080700000, 0x0000000080800000|  0%| F|  |TAMS 0x0000000080700000| PB 0x0000000080700000| Untracked |  0
|   8|0x0000000080800000, 0x0000000080800000, 0x0000000080900000|  0%| F|  |TAMS 0x0000000080800000| PB 0x0000000080800000| Untracked |  0
|   9|0x0000000080900000, 0x0000000080900000, 0x0000000080a00000|  0%| F|  |TAMS 0x0000000080900000| PB 0x0000000080900000| Untracked |  0
|  10|0x0000000080a00000, 0x0000000080a00000, 0x0000000080b00000|  0%| F|  |TAMS 0x0000000080a00000| PB 0x0000000080a00000| Untracked |  0
|  11|0x0000000080b00000, 0x0000000080b00000, 0x0000000080c00000|  0%| F|  |TAMS 0x0000000080b00000| PB 0x0000000080b00000| Untracked |  0
|  12|0x0000000080c00000, 0x0000000080c00000, 0x0000000080d00000|  0%| F|  |TAMS 0x0000000080c00000| PB 0x0000000080c00000| Untracked |  0
|  13|0x0000000080d00000, 0x0000000080d00000, 0x0000000080e00000|  0%| F|  |TAMS 0x0000000080d00000| PB 0x0000000080d00000| Untracked |  0
|  14|0x0000000080e00000, 0x0000000080e00000, 0x0000000080f00000|  0%| F|  |TAMS 0x0000000080e00000| PB 0x0000000080e00000| Untracked |  0
|  15|0x0000000080f00000, 0x0000000080f00000, 0x0000000081000000|  0%| F|  |TAMS 0x0000000080f00000| PB 0x0000000080f00000| Untracked |  0
|  16|0x0000000081000000, 0x0000000081000000, 0x0000000081100000|  0%| F|  |TAMS 0x0000000081000000| PB 0x0000000081000000| Untracked |  0
|  17|0x0000000081100000, 0x0000000081100000, 0x0000000081200000|  0%| F|  |TAMS 0x0000000081100000| PB 0x0000000081100000| Untracked |  0
|  18|0x0000000081200000, 0x0000000081200000, 0x0000000081300000|  0%| F|  |TAMS 0x0000000081200000| PB 0x0000000081200000| Untracked |  0
|  19|0x0000000081300000, 0x0000000081300000, 0x0000000081400000|  0%| F|  |TAMS 0x0000000081300000| PB 0x0000000081300000| Untracked |  0
|  20|0x0000000081400000, 0x0000000081400000, 0x0000000081500000|  0%| F|  |TAMS 0x0000000081400000| PB 0x0000000081400000| Untracked |  0
|  21|0x0000000081500000, 0x0000000081500000, 0x0000000081600000|  0%| F|  |TAMS 0x0000000081500000| PB 0x0000000081500000| Untracked |  0
|  22|0x0000000081600000, 0x0000000081600000, 0x0000000081700000|  0%| F|  |TAMS 0x0000000081600000| PB 0x0000000081600000| Untracked |  0
|  23|0x0000000081700000, 0x0000000081700000, 0x0000000081800000|  0%| F|  |TAMS 0x0000000081700000| PB 0x0000000081700000| Untracked |  0
|  24|0x0000000081800000, 0x0000000081800000, 0x0000000081900000|  0%| F|  |TAMS 0x0000000081800000| PB 0x0000000081800000| Untracked |  0
|  25|0x0000000081900000, 0x0000000081900000, 0x0000000081a00000|  0%| F|  |TAMS 0x0000000081900000| PB 0x0000000081900000| Untracked |  0
|  26|0x0000000081a00000, 0x0000000081a00000, 0x0000000081b00000|  0%| F|  |TAMS 0x0000000081a00000| PB 0x0000000081a00000| Untracked |  0
|  27|0x0000000081b00000, 0x0000000081b00000, 0x0000000081c00000|  0%| F|  |TAMS 0x0000000081b00000| PB 0x0000000081b00000| Untracked |  0
|  28|0x0000000081c00000, 0x0000000081c00000, 0x0000000081d00000|  0%| F|  |TAMS 0x0000000081c00000| PB 0x0000000081c00000| Untracked |  0
|  29|0x0000000081d00000, 0x0000000081d00000, 0x0000000081e00000|  0%| F|  |TAMS 0x0000000081d00000| PB 0x0000000081d00000| Untracked |  0
|  30|0x0000000081e00000, 0x0000000081e00000, 0x0000000081f00000|  0%| F|  |TAMS 0x0000000081e00000| PB 0x0000000081e00000| Untracked |  0
|  31|0x0000000081f00000, 0x0000000081f00000, 0x0000000082000000|  0%| F|  |TAMS 0x0000000081f00000| PB 0x0000000081f00000| Untracked |  0
|  32|0x0000000082000000, 0x0000000082000000, 0x0000000082100000|  0%| F|  |TAMS 0x0000000082000000| PB 0x0000000082000000| Untracked |  0
|  33|0x0000000082100000, 0x0000000082100000, 0x0000000082200000|  0%| F|  |TAMS 0x0000000082100000| PB 0x0000000082100000| Untracked |  0
|  34|0x0000000082200000, 0x0000000082200000, 0x0000000082300000|  0%| F|  |TAMS 0x0000000082200000| PB 0x0000000082200000| Untracked |  0
|  35|0x0000000082300000, 0x0000000082300000, 0x0000000082400000|  0%| F|  |TAMS 0x0000000082300000| PB 0x0000000082300000| Untracked |  0
|  36|0x0000000082400000, 0x0000000082400000, 0x0000000082500000|  0%| F|  |TAMS 0x0000000082400000| PB 0x0000000082400000| Untracked |  0
|  37|0x0000000082500000, 0x0000000082500000, 0x0000000082600000|  0%| F|  |TAMS 0x0000000082500000| PB 0x0000000082500000| Untracked |  0
|  38|0x0000000082600000, 0x0000000082600000, 0x0000000082700000|  0%| F|  |TAMS 0x0000000082600000| PB 0x0000000082600000| Untracked |  0
|  39|0x0000000082700000, 0x0000000082700000, 0x0000000082800000|  0%| F|  |TAMS 0x0000000082700000| PB 0x0000000082700000| Untracked |  0
|  40|0x0000000082800000, 0x0000000082800000, 0x0000000082900000|  0%| F|  |TAMS 0x0000000082800000| PB 0x0000000082800000| Untracked |  0
|  41|0x0000000082900000, 0x0000000082900000, 0x0000000082a00000|  0%| F|  |TAMS 0x0000000082900000| PB 0x0000000082900000| Untracked |  0
|  42|0x0000000082a00000, 0x0000000082a00000, 0x0000000082b00000|  0%| F|  |TAMS 0x0000000082a00000| PB 0x0000000082a00000| Untracked |  0
|  43|0x0000000082b00000, 0x0000000082b00000, 0x0000000082c00000|  0%| F|  |TAMS 0x0000000082b00000| PB 0x0000000082b00000| Untracked |  0
|  44|0x0000000082c00000, 0x0000000082c00000, 0x0000000082d00000|  0%| F|  |TAMS 0x0000000082c00000| PB 0x0000000082c00000| Untracked |  0
|  45|0x0000000082d00000, 0x0000000082d00000, 0x0000000082e00000|  0%| F|  |TAMS 0x0000000082d00000| PB 0x0000000082d00000| Untracked |  0
|  46|0x0000000082e00000, 0x0000000082e00000, 0x0000000082f00000|  0%| F|  |TAMS 0x0000000082e00000| PB 0x0000000082e00000| Untracked |  0
|  47|0x0000000082f00000, 0x0000000082f00000, 0x0000000083000000|  0%| F|  |TAMS 0x0000000082f00000| PB 0x0000000082f00000| Untracked |  0
|  48|0x0000000083000000, 0x0000000083000000, 0x0000000083100000|  0%| F|  |TAMS 0x0000000083000000| PB 0x0000000083000000| Untracked |  0
|  49|0x0000000083100000, 0x0000000083100000, 0x0000000083200000|  0%| F|  |TAMS 0x0000000083100000| PB 0x0000000083100000| Untracked |  0
|  50|0x0000000083200000, 0x0000000083200000, 0x0000000083300000|  0%| F|  |TAMS 0x0000000083200000| PB 0x0000000083200000| Untracked |  0
|  51|0x0000000083300000, 0x0000000083300000, 0x0000000083400000|  0%| F|  |TAMS 0x0000000083300000| PB 0x0000000083300000| Untracked |  0
|  52|0x0000000083400000, 0x0000000083400000, 0x0000000083500000|  0%| F|  |TAMS 0x0000000083400000| PB 0x0000000083400000| Untracked |  0
|  53|0x0000000083500000, 0x0000000083500000, 0x0000000083600000|  0%| F|  |TAMS 0x0000000083500000| PB 0x0000000083500000| Untracked |  0
|  54|0x0000000083600000, 0x0000000083600000, 0x0000000083700000|  0%| F|  |TAMS 0x0000000083600000| PB 0x0000000083600000| Untracked |  0
|  55|0x0000000083700000, 0x0000000083700000, 0x0000000083800000|  0%| F|  |TAMS 0x0000000083700000| PB 0x0000000083700000| Untracked |  0
|  56|0x0000000083800000, 0x0000000083800000, 0x0000000083900000|  0%| F|  |TAMS 0x0000000083800000| PB 0x0000000083800000| Untracked |  0
|  57|0x0000000083900000, 0x0000000083900000, 0x0000000083a00000|  0%| F|  |TAMS 0x0000000083900000| PB 0x0000000083900000| Untracked |  0
|  58|0x0000000083a00000, 0x0000000083a00000, 0x0000000083b00000|  0%| F|  |TAMS 0x0000000083a00000| PB 0x0000000083a00000| Untracked |  0
|  59|0x0000000083b00000, 0x0000000083b00000, 0x0000000083c00000|  0%| F|  |TAMS 0x0000000083b00000| PB 0x0000000083b00000| Untracked |  0
|  60|0x0000000083c00000, 0x0000000083c00000, 0x0000000083d00000|  0%| F|  |TAMS 0x0000000083c00000| PB 0x0000000083c00000| Untracked |  0
|  61|0x0000000083d00000, 0x0000000083d00000, 0x0000000083e00000|  0%| F|  |TAMS 0x0000000083d00000| PB 0x0000000083d00000| Untracked |  0
|  62|0x0000000083e00000, 0x0000000083e00000, 0x0000000083f00000|  0%| F|  |TAMS 0x0000000083e00000| PB 0x0000000083e00000| Untracked |  0
|  63|0x0000000083f00000, 0x0000000083f00000, 0x0000000084000000|  0%| F|  |TAMS 0x0000000083f00000| PB 0x0000000083f00000| Untracked |  0
|  64|0x0000000084000000, 0x0000000084000000, 0x0000000084100000|  0%| F|  |TAMS 0x0000000084000000| PB 0x0000000084000000| Untracked |  0
|  65|0x0000000084100000, 0x0000000084100000, 0x0000000084200000|  0%| F|  |TAMS 0x0000000084100000| PB 0x0000000084100000| Untracked |  0
|  66|0x0000000084200000, 0x0000000084200000, 0x0000000084300000|  0%| F|  |TAMS 0x0000000084200000| PB 0x0000000084200000| Untracked |  0
|  67|0x0000000084300000, 0x0000000084300000, 0x0000000084400000|  0%| F|  |TAMS 0x0000000084300000| PB 0x0000000084300000| Untracked |  0
|  68|0x0000000084400000, 0x0000000084400000, 0x0000000084500000|  0%| F|  |TAMS 0x0000000084400000| PB 0x0000000084400000| Untracked |  0
|  69|0x0000000084500000, 0x0000000084500000, 0x0000000084600000|  0%| F|  |TAMS 0x0000000084500000| PB 0x0000000084500000| Untracked |  0
|  70|0x0000000084600000, 0x0000000084600000, 0x0000000084700000|  0%| F|  |TAMS 0x0000000084600000| PB 0x0000000084600000| Untracked |  0
|  71|0x0000000084700000, 0x0000000084700000, 0x0000000084800000|  0%| F|  |TAMS 0x0000000084700000| PB 0x0000000084700000| Untracked |  0
|  72|0x0000000084800000, 0x0000000084800000, 0x0000000084900000|  0%| F|  |TAMS 0x0000000084800000| PB 0x0000000084800000| Untracked |  0
|  73|0x0000000084900000, 0x0000000084900000, 0x0000000084a00000|  0%| F|  |TAMS 0x0000000084900000| PB 0x0000000084900000| Untracked |  0
|  74|0x0000000084a00000, 0x0000000084a00000, 0x0000000084b00000|  0%| F|  |TAMS 0x0000000084a00000| PB 0x0000000084a00000| Untracked |  0
|  75|0x0000000084b00000, 0x0000000084b00000, 0x0000000084c00000|  0%| F|  |TAMS 0x0000000084b00000| PB 0x0000000084b00000| Untracked |  0
|  76|0x0000000084c00000, 0x0000000084c00000, 0x0000000084d00000|  0%| F|  |TAMS 0x0000000084c00000| PB 0x0000000084c00000| Untracked |  0
|  77|0x0000000084d00000, 0x0000000084d00000, 0x0000000084e00000|  0%| F|  |TAMS 0x0000000084d00000| PB 0x0000000084d00000| Untracked |  0
|  78|0x0000000084e00000, 0x0000000084e00000, 0x0000000084f00000|  0%| F|  |TAMS 0x0000000084e00000| PB 0x0000000084e00000| Untracked |  0
|  79|0x0000000084f00000, 0x0000000084f00000, 0x0000000085000000|  0%| F|  |TAMS 0x0000000084f00000| PB 0x0000000084f00000| Untracked |  0
|  80|0x0000000085000000, 0x0000000085000000, 0x0000000085100000|  0%| F|  |TAMS 0x0000000085000000| PB 0x0000000085000000| Untracked |  0
|  81|0x0000000085100000, 0x0000000085100000, 0x0000000085200000|  0%| F|  |TAMS 0x0000000085100000| PB 0x0000000085100000| Untracked |  0
|  82|0x0000000085200000, 0x0000000085200000, 0x0000000085300000|  0%| F|  |TAMS 0x0000000085200000| PB 0x0000000085200000| Untracked |  0
|  83|0x0000000085300000, 0x0000000085300000, 0x0000000085400000|  0%| F|  |TAMS 0x0000000085300000| PB 0x0000000085300000| Untracked |  0
|  84|0x0000000085400000, 0x0000000085400000, 0x0000000085500000|  0%| F|  |TAMS 0x0000000085400000| PB 0x0000000085400000| Untracked |  0
|  85|0x0000000085500000, 0x0000000085500000, 0x0000000085600000|  0%| F|  |TAMS 0x0000000085500000| PB 0x0000000085500000| Untracked |  0
|  86|0x0000000085600000, 0x0000000085600000, 0x0000000085700000|  0%| F|  |TAMS 0x0000000085600000| PB 0x0000000085600000| Untracked |  0
|  87|0x0000000085700000, 0x0000000085700000, 0x0000000085800000|  0%| F|  |TAMS 0x0000000085700000| PB 0x0000000085700000| Untracked |  0
|  88|0x0000000085800000, 0x0000000085800000, 0x0000000085900000|  0%| F|  |TAMS 0x0000000085800000| PB 0x0000000085800000| Untracked |  0
|  89|0x0000000085900000, 0x0000000085900000, 0x0000000085a00000|  0%| F|  |TAMS 0x0000000085900000| PB 0x0000000085900000| Untracked |  0
|  90|0x0000000085a00000, 0x0000000085a00000, 0x0000000085b00000|  0%| F|  |TAMS 0x0000000085a00000| PB 0x0000000085a00000| Untracked |  0
|  91|0x0000000085b00000, 0x0000000085b00000, 0x0000000085c00000|  0%| F|  |TAMS 0x0000000085b00000| PB 0x0000000085b00000| Untracked |  0
|  92|0x0000000085c00000, 0x0000000085c00000, 0x0000000085d00000|  0%| F|  |TAMS 0x0000000085c00000| PB 0x0000000085c00000| Untracked |  0
|  93|0x0000000085d00000, 0x0000000085d00000, 0x0000000085e00000|  0%| F|  |TAMS 0x0000000085d00000| PB 0x0000000085d00000| Untracked |  0
|  94|0x0000000085e00000, 0x0000000085e00000, 0x0000000085f00000|  0%| F|  |TAMS 0x0000000085e00000| PB 0x0000000085e00000| Untracked |  0
|  95|0x0000000085f00000, 0x0000000085f00000, 0x0000000086000000|  0%| F|  |TAMS 0x0000000085f00000| PB 0x0000000085f00000| Untracked |  0
|  96|0x0000000086000000, 0x0000000086000000, 0x0000000086100000|  0%| F|  |TAMS 0x0000000086000000| PB 0x0000000086000000| Untracked |  0
|  97|0x0000000086100000, 0x0000000086100000, 0x0000000086200000|  0%| F|  |TAMS 0x0000000086100000| PB 0x0000000086100000| Untracked |  0
|  98|0x0000000086200000, 0x0000000086200000, 0x0000000086300000|  0%| F|  |TAMS 0x0000000086200000| PB 0x0000000086200000| Untracked |  0
|  99|0x0000000086300000, 0x0000000086300000, 0x0000000086400000|  0%| F|  |TAMS 0x0000000086300000| PB 0x0000000086300000| Untracked |  0
| 100|0x0000000086400000, 0x0000000086400000, 0x0000000086500000|  0%| F|  |TAMS 0x0000000086400000| PB 0x0000000086400000| Untracked |  0
| 101|0x0000000086500000, 0x0000000086500000, 0x0000000086600000|  0%| F|  |TAMS 0x0000000086500000| PB 0x0000000086500000| Untracked |  0
| 102|0x0000000086600000, 0x0000000086600000, 0x0000000086700000|  0%| F|  |TAMS 0x0000000086600000| PB 0x0000000086600000| Untracked |  0
| 103|0x0000000086700000, 0x0000000086700000, 0x0000000086800000|  0%| F|  |TAMS 0x0000000086700000| PB 0x0000000086700000| Untracked |  0
| 104|0x0000000086800000, 0x0000000086800000, 0x0000000086900000|  0%| F|  |TAMS 0x0000000086800000| PB 0x0000000086800000| Untracked |  0
| 105|0x0000000086900000, 0x0000000086900000, 0x0000000086a00000|  0%| F|  |TAMS 0x0000000086900000| PB 0x0000000086900000| Untracked |  0
| 106|0x0000000086a00000, 0x0000000086a00000, 0x0000000086b00000|  0%| F|  |TAMS 0x0000000086a00000| PB 0x0000000086a00000| Untracked |  0
| 107|0x0000000086b00000, 0x0000000086b00000, 0x0000000086c00000|  0%| F|  |TAMS 0x0000000086b00000| PB 0x0000000086b00000| Untracked |  0
| 108|0x0000000086c00000, 0x0000000086c00000, 0x0000000086d00000|  0%| F|  |TAMS 0x0000000086c00000| PB 0x0000000086c00000| Untracked |  0
| 109|0x0000000086d00000, 0x0000000086d00000, 0x0000000086e00000|  0%| F|  |TAMS 0x0000000086d00000| PB 0x0000000086d00000| Untracked |  0
| 110|0x0000000086e00000, 0x0000000086e00000, 0x0000000086f00000|  0%| F|  |TAMS 0x0000000086e00000| PB 0x0000000086e00000| Untracked |  0
| 111|0x0000000086f00000, 0x0000000087000000, 0x0000000087000000|100%| E|  |TAMS 0x0000000086f00000| PB 0x0000000086f00000| Complete |  0
| 112|0x0000000087000000, 0x0000000087100000, 0x0000000087100000|100%| E|CS|TAMS 0x0000000087000000| PB 0x0000000087000000| Complete |  0
| 113|0x0000000087100000, 0x0000000087200000, 0x0000000087200000|100%| E|CS|TAMS 0x0000000087100000| PB 0x0000000087100000| Complete |  0
| 114|0x0000000087200000, 0x0000000087237e80, 0x0000000087300000| 21%| S|CS|TAMS 0x0000000087200000| PB 0x0000000087200000| Complete |  0
| 115|0x0000000087300000, 0x0000000087400000, 0x0000000087400000|100%| S|CS|TAMS 0x0000000087300000| PB 0x0000000087300000| Complete |  0
| 116|0x0000000087400000, 0x0000000087500000, 0x0000000087500000|100%| E|CS|TAMS 0x0000000087400000| PB 0x0000000087400000| Complete |  0
| 117|0x0000000087500000, 0x0000000087600000, 0x0000000087600000|100%| E|CS|TAMS 0x0000000087500000| PB 0x0000000087500000| Complete |  0
| 118|0x0000000087600000, 0x0000000087700000, 0x0000000087700000|100%| E|  |TAMS 0x0000000087600000| PB 0x0000000087600000| Complete |  0
| 119|0x0000000087700000, 0x0000000087800000, 0x0000000087800000|100%| E|CS|TAMS 0x0000000087700000| PB 0x0000000087700000| Complete |  0
| 120|0x0000000087800000, 0x0000000087900000, 0x0000000087900000|100%| E|CS|TAMS 0x0000000087800000| PB 0x0000000087800000| Complete |  0
| 121|0x0000000087900000, 0x0000000087a00000, 0x0000000087a00000|100%| E|CS|TAMS 0x0000000087900000| PB 0x0000000087900000| Complete |  0
| 122|0x0000000087a00000, 0x0000000087b00000, 0x0000000087b00000|100%| E|CS|TAMS 0x0000000087a00000| PB 0x0000000087a00000| Complete |  0
| 123|0x0000000087b00000, 0x0000000087c00000, 0x0000000087c00000|100%| E|CS|TAMS 0x0000000087b00000| PB 0x0000000087b00000| Complete |  0
| 124|0x0000000087c00000, 0x0000000087d00000, 0x0000000087d00000|100%| E|CS|TAMS 0x0000000087c00000| PB 0x0000000087c00000| Complete |  0
| 125|0x0000000087d00000, 0x0000000087e00000, 0x0000000087e00000|100%| E|CS|TAMS 0x0000000087d00000| PB 0x0000000087d00000| Complete |  0
| 126|0x0000000087e00000, 0x0000000087f00000, 0x0000000087f00000|100%| E|CS|TAMS 0x0000000087e00000| PB 0x0000000087e00000| Complete |  0
| 127|0x0000000087f00000, 0x0000000088000000, 0x0000000088000000|100%| E|CS|TAMS 0x0000000087f00000| PB 0x0000000087f00000| Complete |  0

Card table byte_map: [0x000002a21d0a0000,0x000002a21d4a0000] _byte_map_base: 0x000002a21cca0000

Marking Bits: (CMBitMap*) 0x000002a202cfba30
 Bits: [0x000002a21d4a0000, 0x000002a21f4a0000)

Polling page: 0x000002a202f60000

Metaspace:

Usage:
  Non-class:     11.02 MB used.
      Class:      1.56 MB used.
       Both:     12.58 MB used.

Virtual space:
  Non-class space:       64.00 MB reserved,      11.13 MB ( 17%) committed,  1 nodes.
      Class space:        1.00 GB reserved,       1.69 MB ( <1%) committed,  1 nodes.
             Both:        1.06 GB reserved,      12.81 MB (  1%) committed. 

Chunk freelists:
   Non-Class:  4.13 MB
       Class:  14.16 MB
        Both:  18.28 MB

MaxMetaspaceSize: unlimited
CompressedClassSpaceSize: 1.00 GB
Initial GC threshold: 21.00 MB
Current GC threshold: 21.00 MB
CDS: on
 - commit_granule_bytes: 65536.
 - commit_granule_words: 8192.
 - virtual_space_node_default_size: 8388608.
 - enlarge_chunks_in_place: 1.
 - use_allocation_guard: 0.


Internal statistics:

num_allocs_failed_limit: 0.
num_arena_births: 282.
num_arena_deaths: 0.
num_vsnodes_births: 2.
num_vsnodes_deaths: 0.
num_space_committed: 205.
num_space_uncommitted: 0.
num_chunks_returned_to_freelist: 0.
num_chunks_taken_from_freelist: 674.
num_chunk_merges: 0.
num_chunk_splits: 405.
num_chunks_enlarged: 242.
num_inconsistent_stats: 0.

CodeHeap 'non-profiled nmethods': size=120064Kb used=729Kb max_used=729Kb free=119334Kb
 bounds [0x000002a215420000, 0x000002a215690000, 0x000002a21c960000]
CodeHeap 'profiled nmethods': size=120000Kb used=2828Kb max_used=2828Kb free=117171Kb
 bounds [0x000002a20d960000, 0x000002a20dc30000, 0x000002a214e90000]
CodeHeap 'non-nmethods': size=5696Kb used=1415Kb max_used=1431Kb free=4280Kb
 bounds [0x000002a214e90000, 0x000002a215100000, 0x000002a215420000]
CodeCache: size=245760Kb, used=4972Kb, max_used=4988Kb, free=240785Kb
 total_blobs=2637, nmethods=2123, adapters=419, full_count=0
Compilation: enabled, stopped_count=0, restarted_count=0

Compilation events (20 events):
Event: 10.584 Thread 0x000002a221afb460 2113       3       java.util.Arrays::fill (21 bytes)
Event: 10.584 Thread 0x000002a221afb460 nmethod 2113 0x000002a20dc1ff88 code [0x000002a20dc200a0, 0x000002a20dc20230]
Event: 10.584 Thread 0x000002a221afb460 2114       3       java.lang.invoke.DirectMethodHandle$Holder::invokeStatic (14 bytes)
Event: 10.584 Thread 0x000002a221afb460 nmethod 2114 0x000002a20dc20288 code [0x000002a20dc203c0, 0x000002a20dc208b0]
Event: 10.584 Thread 0x000002a221afb460 2115       3       java.lang.invoke.DirectMethodHandle$Holder::invokeStatic (17 bytes)
Event: 10.585 Thread 0x000002a221afb460 nmethod 2115 0x000002a20dc20908 code [0x000002a20dc20a40, 0x000002a20dc20ec8]
Event: 10.593 Thread 0x000002a221afb460 2116       3       jdk.internal.loader.AbstractClassLoaderValue::map (20 bytes)
Event: 10.594 Thread 0x000002a221afb460 nmethod 2116 0x000002a20dc20f08 code [0x000002a20dc21040, 0x000002a20dc21308]
Event: 10.594 Thread 0x000002a221afb460 2117       1       org.springframework.core.annotation.AnnotationTypeMapping::getAnnotationType (5 bytes)
Event: 10.594 Thread 0x000002a221afb460 nmethod 2117 0x000002a2154d4e08 code [0x000002a2154d4f20, 0x000002a2154d4fe8]
Event: 10.594 Thread 0x000002a221afb460 2118       3       jdk.internal.loader.AbstractClassLoaderValue$Sub::hashCode (19 bytes)
Event: 10.594 Thread 0x000002a221afb460 nmethod 2118 0x000002a20dc21388 code [0x000002a20dc214e0, 0x000002a20dc21850]
Event: 10.594 Thread 0x000002a221af94d0 2119       4       java.util.HashMap::resize (356 bytes)
Event: 10.595 Thread 0x000002a221afb460 2120       3       java.util.HashSet::isEmpty (8 bytes)
Event: 10.595 Thread 0x000002a221afb460 nmethod 2120 0x000002a20dc21888 code [0x000002a20dc219a0, 0x000002a20dc21be8]
Event: 10.595 Thread 0x000002a221afb460 2121       1       java.util.Collections$SingletonList::size (2 bytes)
Event: 10.596 Thread 0x000002a221afb460 nmethod 2121 0x000002a2154d5108 code [0x000002a2154d5220, 0x000002a2154d52e8]
Event: 10.596 Thread 0x000002a221afb460 2122       3       org.springframework.core.annotation.AnnotationsScanner::getDeclaredAnnotations (166 bytes)
Event: 10.597 Thread 0x000002a221afb460 nmethod 2122 0x000002a20dc21c08 code [0x000002a20dc21e80, 0x000002a20dc23248]
Event: 10.597 Thread 0x000002a221afb460 2125       3       jdk.internal.misc.Unsafe::getAndAddInt (27 bytes)

GC Heap History (4 events):
Event: 7.617 GC heap before
{Heap before GC invocations=0 (full 0):
 garbage-first heap   total reserved 2097152K, committed 131072K, used 15360K [0x0000000080000000, 0x0000000100000000)
  region size 1024K, 14 young (14336K), 0 survivors (0K)
 Metaspace       used 4530K, committed 4736K, reserved 1114112K
  class space    used 485K, committed 576K, reserved 1048576K
}
Event: 7.627 GC heap after
{Heap after GC invocations=1 (full 0):
 garbage-first heap   total reserved 2097152K, committed 131072K, used 6890K [0x0000000080000000, 0x0000000100000000)
  region size 1024K, 2 young (2048K), 2 survivors (2048K)
 Metaspace       used 4530K, committed 4736K, reserved 1114112K
  class space    used 485K, committed 576K, reserved 1048576K
}
Event: 9.163 GC heap before
{Heap before GC invocations=1 (full 0):
 garbage-first heap   total reserved 2097152K, committed 131072K, used 19178K [0x0000000080000000, 0x0000000100000000)
  region size 1024K, 14 young (14336K), 2 survivors (2048K)
 Metaspace       used 7969K, committed 8256K, reserved 1114112K
  class space    used 962K, committed 1088K, reserved 1048576K
}
Event: 9.169 GC heap after
{Heap after GC invocations=2 (full 0):
 garbage-first heap   total reserved 2097152K, committed 131072K, used 8062K [0x0000000080000000, 0x0000000100000000)
  region size 1024K, 2 young (2048K), 2 survivors (2048K)
 Metaspace       used 7969K, committed 8256K, reserved 1114112K
  class space    used 962K, committed 1088K, reserved 1048576K
}

Dll operation events (10 events):
Event: 0.280 Loaded shared library C:\Users\Nesrine.Dhouioui\.jdks\openjdk-23.0.2-1\bin\java.dll
Event: 1.811 Loaded shared library C:\Users\Nesrine.Dhouioui\.jdks\openjdk-23.0.2-1\bin\jsvml.dll
Event: 2.883 Loaded shared library C:\Users\Nesrine.Dhouioui\.jdks\openjdk-23.0.2-1\bin\zip.dll
Event: 2.896 Loaded shared library C:\Users\Nesrine.Dhouioui\.jdks\openjdk-23.0.2-1\bin\instrument.dll
Event: 3.008 Loaded shared library C:\Users\Nesrine.Dhouioui\.jdks\openjdk-23.0.2-1\bin\net.dll
Event: 3.031 Loaded shared library C:\Users\Nesrine.Dhouioui\.jdks\openjdk-23.0.2-1\bin\nio.dll
Event: 3.099 Loaded shared library C:\Users\Nesrine.Dhouioui\.jdks\openjdk-23.0.2-1\bin\zip.dll
Event: 3.894 Loaded shared library C:\Program Files\JetBrains\IntelliJ IDEA Community Edition 2024.3.3\bin\breakgen64.dll
Event: 4.204 Loaded shared library C:\Users\Nesrine.Dhouioui\.jdks\openjdk-23.0.2-1\bin\extnet.dll
Event: 4.475 Loaded shared library C:\Users\Nesrine.Dhouioui\.jdks\openjdk-23.0.2-1\bin\jimage.dll

Deoptimization events (20 events):
Event: 10.199 Thread 0x000002a205267340 Uncommon trap: trap_request=0xffffffd6 fr.pc=0x000002a2154a8fe8 relative=0x0000000000000c48
Event: 10.199 Thread 0x000002a205267340 Uncommon trap: reason=array_check action=maybe_recompile pc=0x000002a2154a8fe8 method=org.springframework.boot.context.properties.source.ConfigurationPropertyName.getElement(ILorg/springframework/boot/context/properties/source/ConfigurationPropertyName$Fo
Event: 10.199 Thread 0x000002a205267340 DEOPT PACKING pc=0x000002a2154a8fe8 sp=0x000000f25aafebc0
Event: 10.200 Thread 0x000002a205267340 DEOPT UNPACKING pc=0x000002a214ee4402 sp=0x000000f25aafeb98 mode 2
Event: 10.200 Thread 0x000002a205267340 Uncommon trap: trap_request=0xffffffd6 fr.pc=0x000002a2154a8fe8 relative=0x0000000000000c48
Event: 10.200 Thread 0x000002a205267340 Uncommon trap: reason=array_check action=maybe_recompile pc=0x000002a2154a8fe8 method=org.springframework.boot.context.properties.source.ConfigurationPropertyName.getElement(ILorg/springframework/boot/context/properties/source/ConfigurationPropertyName$Fo
Event: 10.200 Thread 0x000002a205267340 DEOPT PACKING pc=0x000002a2154a8fe8 sp=0x000000f25aafebc0
Event: 10.200 Thread 0x000002a205267340 DEOPT UNPACKING pc=0x000002a214ee4402 sp=0x000000f25aafeb98 mode 2
Event: 10.207 Thread 0x000002a205267340 Uncommon trap: trap_request=0xffffff45 fr.pc=0x000002a2154a08b8 relative=0x0000000000000098
Event: 10.207 Thread 0x000002a205267340 Uncommon trap: reason=unstable_if action=reinterpret pc=0x000002a2154a08b8 method=org.springframework.util.ConcurrentReferenceHashMap$Segment.restructureIfNecessary(Z)V @ 21 c2
Event: 10.207 Thread 0x000002a205267340 DEOPT PACKING pc=0x000002a2154a08b8 sp=0x000000f25aafee40
Event: 10.207 Thread 0x000002a205267340 DEOPT UNPACKING pc=0x000002a214ee4402 sp=0x000000f25aafedc0 mode 2
Event: 10.220 Thread 0x000002a205267340 Uncommon trap: trap_request=0xffffffd6 fr.pc=0x000002a2154a8fe8 relative=0x0000000000000c48
Event: 10.220 Thread 0x000002a205267340 Uncommon trap: reason=array_check action=maybe_recompile pc=0x000002a2154a8fe8 method=org.springframework.boot.context.properties.source.ConfigurationPropertyName.getElement(ILorg/springframework/boot/context/properties/source/ConfigurationPropertyName$Fo
Event: 10.220 Thread 0x000002a205267340 DEOPT PACKING pc=0x000002a2154a8fe8 sp=0x000000f25aafe7c0
Event: 10.220 Thread 0x000002a205267340 DEOPT UNPACKING pc=0x000002a214ee4402 sp=0x000000f25aafe798 mode 2
Event: 10.336 Thread 0x000002a205267340 Uncommon trap: trap_request=0xffffff45 fr.pc=0x000002a21548d518 relative=0x00000000000005b8
Event: 10.336 Thread 0x000002a205267340 Uncommon trap: reason=unstable_if action=reinterpret pc=0x000002a21548d518 method=java.lang.StringLatin1.getChars(II[B)I @ 25 c2
Event: 10.336 Thread 0x000002a205267340 DEOPT PACKING pc=0x000002a21548d518 sp=0x000000f25aafe580
Event: 10.336 Thread 0x000002a205267340 DEOPT UNPACKING pc=0x000002a214ee4402 sp=0x000000f25aafe4d0 mode 2

Classes loaded (20 events):
Event: 10.408 Loading class com/sun/org/apache/xerces/internal/impl/XMLScanner$NameType
Event: 10.409 Loading class com/sun/org/apache/xerces/internal/impl/XMLScanner$NameType done
Event: 10.411 Loading class com/sun/org/apache/xerces/internal/impl/Constants
Event: 10.412 Loading class com/sun/org/apache/xerces/internal/impl/Constants done
Event: 10.413 Loading class com/sun/org/apache/xerces/internal/impl/Constants$ArrayEnumeration
Event: 10.413 Loading class com/sun/org/apache/xerces/internal/impl/Constants$ArrayEnumeration done
Event: 10.413 Loading class javax/xml/catalog/CatalogEntry
Event: 10.414 Loading class javax/xml/catalog/CatalogEntry done
Event: 10.415 Loading class javax/xml/catalog/Normalizer
Event: 10.418 Loading class javax/xml/catalog/Normalizer done
Event: 10.419 Loading class javax/xml/catalog/CatalogReader$1
Event: 10.419 Loading class javax/xml/catalog/CatalogReader$1 done
Event: 10.419 Loading class javax/xml/catalog/SystemEntry
Event: 10.421 Loading class javax/xml/catalog/SystemEntry done
Event: 10.422 Loading class com/sun/org/apache/xerces/internal/impl/io/MalformedByteSequenceException
Event: 10.423 Loading class com/sun/org/apache/xerces/internal/impl/io/MalformedByteSequenceException done
Event: 10.423 Loading class jdk/xml/internal/JdkProperty
Event: 10.424 Loading class jdk/xml/internal/JdkProperty done
Event: 10.487 Loading class java/lang/annotation/Repeatable
Event: 10.487 Loading class java/lang/annotation/Repeatable done

Classes unloaded (0 events):
No events

Classes redefined (4 events):
Event: 3.920 Thread 0x000002a221ab7c10 redefined class name=java.net.URLStreamHandler, count=1
Event: 3.924 Thread 0x000002a221ab7c10 redefined class name=java.io.FileOutputStream, count=1
Event: 3.927 Thread 0x000002a221ab7c10 redefined class name=java.nio.file.Files, count=1
Event: 3.930 Thread 0x000002a221ab7c10 redefined class name=java.io.File, count=1

Internal exceptions (20 events):
Event: 8.915 Thread 0x000002a205267340 Exception <a 'java/lang/NoSuchMethodError'{0x0000000087654700}: 'java.lang.Object java.lang.invoke.DirectMethodHandle$Holder.newInvokeSpecial(java.lang.Object, java.lang.Object, java.lang.Object, java.lang.Object, java.lang.Object, java.lang.Object, int)'> (0x0000000087654700) 
thrown [s\open\src\hotspot\share\interpreter\linkResolver.cpp, line 796]
Event: 8.915 Thread 0x000002a205267340 Exception <a 'java/lang/NoSuchMethodError'{0x0000000087658da8}: 'java.lang.Object java.lang.invoke.DirectMethodHandle$Holder.invokeSpecial(java.lang.Object, java.lang.Object, java.lang.Object, java.lang.Object, java.lang.Object, java.lang.Object, java.lang.Object, int)'> (0x0000000087658da8) 
thrown [s\open\src\hotspot\share\interpreter\linkResolver.cpp, line 796]
Event: 8.981 Thread 0x000002a205267340 Exception <a 'java/lang/NoSuchMethodError'{0x0000000087573820}: 'int java.lang.invoke.DirectMethodHandle$Holder.invokeInterface(java.lang.Object, java.lang.Object)'> (0x0000000087573820) 
thrown [s\open\src\hotspot\share\interpreter\linkResolver.cpp, line 796]
Event: 8.989 Thread 0x000002a205267340 Exception <a 'java/lang/NoSuchMethodError'{0x0000000087595030}: 'void java.lang.invoke.DirectMethodHandle$Holder.invokeSpecial(java.lang.Object, java.lang.Object, java.lang.Object, java.lang.Object, java.lang.Object)'> (0x0000000087595030) 
thrown [s\open\src\hotspot\share\interpreter\linkResolver.cpp, line 796]
Event: 9.146 Thread 0x000002a205267340 Exception <a 'java/lang/NoSuchMethodError'{0x0000000087475470}: 'java.lang.Object java.lang.invoke.DirectMethodHandle$Holder.invokeSpecial(java.lang.Object, java.lang.Object, java.lang.Object, int, java.lang.Object)'> (0x0000000087475470) 
thrown [s\open\src\hotspot\share\interpreter\linkResolver.cpp, line 796]
Event: 9.147 Thread 0x000002a205267340 Exception <a 'java/lang/NoSuchMethodError'{0x000000008747d210}: 'java.lang.Object java.lang.invoke.DirectMethodHandle$Holder.newInvokeSpecial(java.lang.Object, java.lang.Object, java.lang.Object, int, java.lang.Object)'> (0x000000008747d210) 
thrown [s\open\src\hotspot\share\interpreter\linkResolver.cpp, line 796]
Event: 9.148 Thread 0x000002a205267340 Exception <a 'java/lang/NoSuchMethodError'{0x00000000874847e8}: 'java.lang.Object java.lang.invoke.Invokers$Holder.linkToTargetMethod(java.lang.Object, java.lang.Object, int, java.lang.Object, java.lang.Object)'> (0x00000000874847e8) 
thrown [s\open\src\hotspot\share\interpreter\linkResolver.cpp, line 796]
Event: 9.149 Thread 0x000002a205267340 Exception <a 'java/lang/NoSuchMethodError'{0x000000008748b528}: 'int java.lang.invoke.DirectMethodHandle$Holder.invokeStatic(java.lang.Object, int, java.lang.Object, java.lang.Object)'> (0x000000008748b528) 
thrown [s\open\src\hotspot\share\interpreter\linkResolver.cpp, line 796]
Event: 9.150 Thread 0x000002a205267340 Exception <a 'java/lang/NoSuchMethodError'{0x00000000874926f0}: 'java.lang.Object java.lang.invoke.DirectMethodHandle$Holder.newInvokeSpecial(java.lang.Object, int, java.lang.Object)'> (0x00000000874926f0) 
thrown [s\open\src\hotspot\share\interpreter\linkResolver.cpp, line 796]
Event: 9.151 Thread 0x000002a205267340 Exception <a 'java/lang/NoSuchMethodError'{0x0000000087497278}: 'int java.lang.invoke.DirectMethodHandle$Holder.invokeSpecialIFC(java.lang.Object, java.lang.Object, java.lang.Object, java.lang.Object)'> (0x0000000087497278) 
thrown [s\open\src\hotspot\share\interpreter\linkResolver.cpp, line 796]
Event: 9.196 Thread 0x000002a205267340 Exception <a 'java/lang/NoSuchMethodError'{0x0000000087f75b10}: 'void java.lang.invoke.DirectMethodHandle$Holder.invokeInterface(java.lang.Object, java.lang.Object, java.lang.Object)'> (0x0000000087f75b10) 
thrown [s\open\src\hotspot\share\interpreter\linkResolver.cpp, line 796]
Event: 9.231 Thread 0x000002a205267340 Exception <a 'java/lang/NoSuchMethodError'{0x0000000087e0f5c0}: 'void java.lang.invoke.DirectMethodHandle$Holder.invokeStaticInit(java.lang.Object, java.lang.Object, java.lang.Object)'> (0x0000000087e0f5c0) 
thrown [s\open\src\hotspot\share\interpreter\linkResolver.cpp, line 796]
Event: 9.240 Thread 0x000002a205267340 Exception <a 'java/lang/NoSuchMethodError'{0x0000000087e5a680}: 'java.lang.Object java.lang.invoke.DirectMethodHandle$Holder.invokeVirtual(java.lang.Object, java.lang.Object, java.lang.Object)'> (0x0000000087e5a680) 
thrown [s\open\src\hotspot\share\interpreter\linkResolver.cpp, line 796]
Event: 9.319 Thread 0x000002a205267340 Exception <a 'java/lang/NoSuchMethodError'{0x0000000087eecf40}: 'void java.lang.invoke.DirectMethodHandle$Holder.invokeVirtual(java.lang.Object, java.lang.Object, java.lang.Object, java.lang.Object)'> (0x0000000087eecf40) 
thrown [s\open\src\hotspot\share\interpreter\linkResolver.cpp, line 796]
Event: 9.484 Thread 0x000002a205267340 Exception <a 'java/lang/NoSuchMethodError'{0x0000000087b74ce8}: 'java.lang.reflect.Field[] java.lang.Class.getDeclaredFields(java.lang.Class)'> (0x0000000087b74ce8) 
thrown [s\open\src\hotspot\share\interpreter\linkResolver.cpp, line 796]
Event: 9.484 Thread 0x000002a2675919c0 Exception <a 'java/lang/NoClassDefFoundError'{0x0000000087b53358}: jakarta/validation/Validation> (0x0000000087b53358) 
thrown [s\open\src\hotspot\share\classfile\systemDictionary.cpp, line 302]
Event: 9.487 Thread 0x000002a205267340 Exception <a 'java/lang/NoSuchMethodError'{0x0000000087b796f8}: 'java.lang.Object java.lang.invoke.DirectMethodHandle$Holder.invokeStatic(java.lang.Object, java.lang.Object, int)'> (0x0000000087b796f8) 
thrown [s\open\src\hotspot\share\interpreter\linkResolver.cpp, line 796]
Event: 9.489 Thread 0x000002a205267340 Exception <a 'java/lang/NoSuchMethodError'{0x0000000087b848b0}: 'void java.lang.invoke.DelegatingMethodHandle$Holder.delegate(java.lang.Object, java.lang.Object, int, java.lang.Object)'> (0x0000000087b848b0) 
thrown [s\open\src\hotspot\share\interpreter\linkResolver.cpp, line 796]
Event: 9.518 Thread 0x000002a205267340 Exception <a 'java/lang/IncompatibleClassChangeError'{0x0000000087aaa2c0}: Found class java.lang.Object, but interface was expected> (0x0000000087aaa2c0) 
thrown [s\open\src\hotspot\share\interpreter\linkResolver.cpp, line 863]
Event: 9.750 Thread 0x000002a205267340 Exception <a 'java/lang/NoSuchMethodError'{0x0000000087ac83b8}: 'int java.lang.invoke.DirectMethodHandle$Holder.invokeVirtual(java.lang.Object, java.lang.Object)'> (0x0000000087ac83b8) 
thrown [s\open\src\hotspot\share\interpreter\linkResolver.cpp, line 796]

VM Operations (20 events):
Event: 7.617 Executing VM operation: G1CollectForAllocation (G1 Evacuation Pause)
Event: 7.627 Executing VM operation: G1CollectForAllocation (G1 Evacuation Pause) done
Event: 7.769 Executing VM operation: HandshakeAllThreads (Deoptimize)
Event: 7.769 Executing VM operation: HandshakeAllThreads (Deoptimize) done
Event: 7.770 Executing VM operation: HandshakeAllThreads (Deoptimize)
Event: 7.770 Executing VM operation: HandshakeAllThreads (Deoptimize) done
Event: 8.197 Executing VM operation: HandshakeAllThreads (Deoptimize)
Event: 8.197 Executing VM operation: HandshakeAllThreads (Deoptimize) done
Event: 9.098 Executing VM operation: HandshakeAllThreads (Deoptimize)
Event: 9.098 Executing VM operation: HandshakeAllThreads (Deoptimize) done
Event: 9.163 Executing VM operation: G1CollectForAllocation (G1 Evacuation Pause)
Event: 9.169 Executing VM operation: G1CollectForAllocation (G1 Evacuation Pause) done
Event: 9.455 Executing VM operation: HandshakeAllThreads (Deoptimize)
Event: 9.455 Executing VM operation: HandshakeAllThreads (Deoptimize) done
Event: 9.462 Executing VM operation: HandshakeAllThreads (Deoptimize)
Event: 9.462 Executing VM operation: HandshakeAllThreads (Deoptimize) done
Event: 9.462 Executing VM operation: HandshakeAllThreads (Deoptimize)
Event: 9.462 Executing VM operation: HandshakeAllThreads (Deoptimize) done
Event: 9.487 Executing VM operation: HandshakeAllThreads (Deoptimize)
Event: 9.487 Executing VM operation: HandshakeAllThreads (Deoptimize) done

Memory protections (0 events):
No events

Nmethod flushes (0 events):
No events

Events (13 events):
Event: 0.768 Thread 0x000002a205267340 Thread added: 0x000002a205267340
Event: 1.729 Thread 0x000002a205267340 Thread added: 0x000002a221ad5b60
Event: 1.730 Thread 0x000002a205267340 Thread added: 0x000002a221ad77d0
Event: 1.758 Thread 0x000002a205267340 Thread added: 0x000002a221af30f0
Event: 1.758 Thread 0x000002a205267340 Thread added: 0x000002a221af3d50
Event: 1.758 Thread 0x000002a205267340 Thread added: 0x000002a221af48b0
Event: 1.759 Thread 0x000002a205267340 Thread added: 0x000002a221af5e80
Event: 1.759 Thread 0x000002a205267340 Thread added: 0x000002a221af94d0
Event: 1.759 Thread 0x000002a205267340 Thread added: 0x000002a221afb460
Event: 2.707 Thread 0x000002a205267340 Thread added: 0x000002a221be3f50
Event: 3.907 Thread 0x000002a205267340 Thread added: 0x000002a267159bc0
Event: 3.931 Thread 0x000002a205267340 Thread added: 0x000002a267167460
Event: 9.476 Thread 0x000002a205267340 Thread added: 0x000002a2675919c0


Dynamic libraries:
0x00007ff782bd0000 - 0x00007ff782bde000 	C:\Users\Nesrine.Dhouioui\.jdks\openjdk-23.0.2-1\bin\java.exe
0x00007ff92f3d0000 - 0x00007ff92f59f000 	C:\Windows\SYSTEM32\ntdll.dll
0x00007ff92f1b0000 - 0x00007ff92f25d000 	C:\Windows\System32\KERNEL32.DLL
0x00007ff92ef90000 - 0x00007ff92f1ae000 	C:\Windows\System32\KERNELBASE.dll
0x00007ff92c3f0000 - 0x00007ff92c4e4000 	C:\Windows\System32\ucrtbase.dll
0x000000007fe20000 - 0x000000007fe5c000 	C:\Windows\System32\cyinjct.dll
0x00007ff92ee20000 - 0x00007ff92ee29000 	C:\Windows\System32\ntnativeapi.dll
0x00007ff915500000 - 0x00007ff915517000 	C:\Users\Nesrine.Dhouioui\.jdks\openjdk-23.0.2-1\bin\jli.dll
0x000002a202dd0000 - 0x000002a202f36000 	C:\Windows\System32\USER32.dll
0x00007ff92c4f0000 - 0x00007ff92c50e000 	C:\Windows\System32\win32u.dll
0x00007ff92ea40000 - 0x00007ff92ea74000 	C:\Windows\System32\GDI32.dll
0x00007ff92bb20000 - 0x00007ff92bca4000 	C:\Windows\System32\gdi32full.dll
0x00007ff9154e0000 - 0x00007ff9154fb000 	C:\Users\Nesrine.Dhouioui\.jdks\openjdk-23.0.2-1\bin\VCRUNTIME140.dll
0x00007ff91b630000 - 0x00007ff91b8aa000 	C:\Windows\WinSxS\amd64_microsoft.windows.common-controls_6595b64144ccf1df_6.0.14393.4169_none_7de0bbf28341b1f2\COMCTL32.dll
0x00007ff92e500000 - 0x00007ff92e59e000 	C:\Windows\System32\msvcrt.dll
0x00007ff92e610000 - 0x00007ff92e8d6000 	C:\Windows\System32\combase.dll
0x00007ff92ee70000 - 0x00007ff92ef8b000 	C:\Windows\System32\RPCRT4.dll
0x00007ff92c510000 - 0x00007ff92c57c000 	C:\Windows\System32\bcryptPrimitives.dll
0x00007ff92ee00000 - 0x00007ff92ee1e000 	C:\Windows\System32\cyvera.dll
0x00007ff92ed80000 - 0x00007ff92ee00000 	C:\Windows\System32\cyvrtrap.dll
0x00007ff92ed10000 - 0x00007ff92ed3e000 	C:\Windows\System32\IMM32.DLL
0x00007ff925170000 - 0x00007ff92517c000 	C:\Users\Nesrine.Dhouioui\.jdks\openjdk-23.0.2-1\bin\vcruntime140_1.dll
0x00007ff914f90000 - 0x00007ff91501e000 	C:\Users\Nesrine.Dhouioui\.jdks\openjdk-23.0.2-1\bin\msvcp140.dll
0x00007ff8fef10000 - 0x00007ff8ffc60000 	C:\Users\Nesrine.Dhouioui\.jdks\openjdk-23.0.2-1\bin\server\jvm.dll
0x00007ff92cf40000 - 0x00007ff92cfe7000 	C:\Windows\System32\ADVAPI32.dll
0x00007ff92ecb0000 - 0x00007ff92ed0d000 	C:\Windows\System32\sechost.dll
0x00007ff92b740000 - 0x00007ff92b76b000 	C:\Windows\System32\bcrypt.dll
0x00007ff92b6c0000 - 0x00007ff92b70c000 	C:\Windows\System32\POWRPROF.dll
0x00007ff92e5a0000 - 0x00007ff92e60a000 	C:\Windows\System32\WS2_32.dll
0x00007ff929870000 - 0x00007ff929893000 	C:\Windows\SYSTEM32\WINMM.dll
0x00007ff926110000 - 0x00007ff92611a000 	C:\Windows\SYSTEM32\VERSION.dll
0x00007ff929840000 - 0x00007ff92986b000 	C:\Windows\SYSTEM32\WINMMBASE.dll
0x00007ff92bad0000 - 0x00007ff92bb12000 	C:\Windows\System32\cfgmgr32.dll
0x00007ff92b6b0000 - 0x00007ff92b6bf000 	C:\Windows\System32\kernel.appcore.dll
0x00007ff9246f0000 - 0x00007ff9246fa000 	C:\Users\Nesrine.Dhouioui\.jdks\openjdk-23.0.2-1\bin\jimage.dll
0x00007ff923560000 - 0x00007ff9236f2000 	C:\Windows\SYSTEM32\DBGHELP.DLL
0x00007ff921320000 - 0x00007ff921349000 	C:\Windows\SYSTEM32\dbgcore.DLL
0x00007ff915290000 - 0x00007ff91529f000 	C:\Users\Nesrine.Dhouioui\.jdks\openjdk-23.0.2-1\bin\instrument.dll
0x00007ff911570000 - 0x00007ff91158e000 	C:\Users\Nesrine.Dhouioui\.jdks\openjdk-23.0.2-1\bin\java.dll
0x00007ff92eb70000 - 0x00007ff92eca9000 	C:\Windows\System32\ole32.dll
0x00007ff92cff0000 - 0x00007ff92e4f6000 	C:\Windows\System32\SHELL32.dll
0x00007ff92bcb0000 - 0x00007ff92c383000 	C:\Windows\System32\windows.storage.dll
0x00007ff92ccd0000 - 0x00007ff92cd22000 	C:\Windows\System32\shlwapi.dll
0x00007ff92ba20000 - 0x00007ff92bac8000 	C:\Windows\System32\shcore.dll
0x00007ff92b710000 - 0x00007ff92b724000 	C:\Windows\System32\profapi.dll
0x00007ff92ed40000 - 0x00007ff92ed78000 	C:\Program Files\Palo Alto Networks\Traps\cyjagent.dll
0x00007ff8fd760000 - 0x00007ff8fd837000 	C:\Users\Nesrine.Dhouioui\.jdks\openjdk-23.0.2-1\bin\jsvml.dll
0x00007ff911550000 - 0x00007ff911567000 	C:\Users\Nesrine.Dhouioui\.jdks\openjdk-23.0.2-1\bin\zip.dll
0x00007ff914040000 - 0x00007ff914050000 	C:\Users\Nesrine.Dhouioui\.jdks\openjdk-23.0.2-1\bin\net.dll
0x00007ff92afa0000 - 0x00007ff92affd000 	C:\Windows\system32\mswsock.dll
0x00007ff911530000 - 0x00007ff911546000 	C:\Users\Nesrine.Dhouioui\.jdks\openjdk-23.0.2-1\bin\nio.dll
0x00007ff9114e0000 - 0x00007ff9114fa000 	C:\Program Files\JetBrains\IntelliJ IDEA Community Edition 2024.3.3\bin\breakgen64.dll
0x00007ff911520000 - 0x00007ff911529000 	C:\Users\Nesrine.Dhouioui\.jdks\openjdk-23.0.2-1\bin\extnet.dll

dbghelp: loaded successfully - version: 4.0.5 - missing functions: none
symbol engine: initialized successfully - sym options: 0x614 - pdb path: .;C:\Users\Nesrine.Dhouioui\.jdks\openjdk-23.0.2-1\bin;C:\Windows\SYSTEM32;C:\Windows\WinSxS\amd64_microsoft.windows.common-controls_6595b64144ccf1df_6.0.14393.4169_none_7de0bbf28341b1f2;C:\Users\Nesrine.Dhouioui\.jdks\openjdk-23.0.2-1\bin\server;C:\Program Files\Palo Alto Networks\Traps;C:\Program Files\JetBrains\IntelliJ IDEA Community Edition 2024.3.3\bin

VM Arguments:
jvm_args: -javaagent:C:\Program Files\JetBrains\IntelliJ IDEA Community Edition 2024.3.3\lib\idea_rt.jar=34952:C:\Program Files\JetBrains\IntelliJ IDEA Community Edition 2024.3.3\bin -Dfile.encoding=UTF-8 -Dsun.stdout.encoding=UTF-8 -Dsun.stderr.encoding=UTF-8 -agentpath:C:\Program Files\Palo Alto Networks\Traps\cyjagent.dll 
java_command: com.example.IntegrationAPI.IntegrationApiApplication
java_class_path (initial): C:\Users\Nesrine.Dhouioui\Downloads\IntegrationAPI\IntegrationAPI\IntegrationAPI\target\classes;C:\Users\Nesrine.Dhouioui\.m2\repository\org\springframework\boot\spring-boot-starter-data-jpa\3.4.2\spring-boot-starter-data-jpa-3.4.2.jar;C:\Users\Nesrine.Dhouioui\.m2\repository\org\springframework\boot\spring-boot-starter\3.4.2\spring-boot-starter-3.4.2.jar;C:\Users\Nesrine.Dhouioui\.m2\repository\org\springframework\boot\spring-boot\3.4.2\spring-boot-3.4.2.jar;C:\Users\Nesrine.Dhouioui\.m2\repository\org\springframework\boot\spring-boot-autoconfigure\3.4.2\spring-boot-autoconfigure-3.4.2.jar;C:\Users\Nesrine.Dhouioui\.m2\repository\org\springframework\boot\spring-boot-starter-logging\3.4.2\spring-boot-starter-logging-3.4.2.jar;C:\Users\Nesrine.Dhouioui\.m2\repository\ch\qos\logback\logback-classic\1.5.16\logback-classic-1.5.16.jar;C:\Users\Nesrine.Dhouioui\.m2\repository\ch\qos\logback\logback-core\1.5.16\logback-core-1.5.16.jar;C:\Users\Nesrine.Dhouioui\.m2\repository\org\apache\logging\log4j\log4j-to-slf4j\2.24.3\log4j-to-slf4j-2.24.3.jar;C:\Users\Nesrine.Dhouioui\.m2\repository\org\apache\logging\log4j\log4j-api\2.24.3\log4j-api-2.24.3.jar;C:\Users\Nesrine.Dhouioui\.m2\repository\org\slf4j\jul-to-slf4j\2.0.16\jul-to-slf4j-2.0.16.jar;C:\Users\Nesrine.Dhouioui\.m2\repository\jakarta\annotation\jakarta.annotation-api\2.1.1\jakarta.annotation-api-2.1.1.jar;C:\Users\Nesrine.Dhouioui\.m2\repository\org\yaml\snakeyaml\2.3\snakeyaml-2.3.jar;C:\Users\Nesrine.Dhouioui\.m2\repository\org\springframework\boot\spring-boot-starter-jdbc\3.4.2\spring-boot-starter-jdbc-3.4.2.jar;C:\Users\Nesrine.Dhouioui\.m2\repository\com\zaxxer\HikariCP\5.1.0\HikariCP-5.1.0.jar;C:\Users\Nesrine.Dhouioui\.m2\repository\org\springframework\spring-jdbc\6.2.2\spring-jdbc-6.2.2.jar;C:\Users\Nesrine.Dhouioui\.m2\repository\org\hibernate\orm\hibernate-core\6.6.5.Final\hibernate-core-6.6.5.Final.jar;C:\Users\Nesrine.Dhouioui\.m2\repository\jakarta\persistence\jakarta.persistence-api\3.1.0\jakarta.persistence-api-3.1.0.jar;C:\Users\Nesrine.Dhouioui\.m2\repository\jakarta\transaction\jakarta.transaction-api\2.0.1\jakarta.transaction-api-2.0.1.jar;C:\Users\Nesrine.Dhouioui\.m2\repository\org\jboss\logging\jboss-logging\3.6.1.Final\jboss-logging-3.6.1.Final.jar;C:\Users\Nesrine.Dhouioui\.m2\repository\org\hibernate\common\hibernate-commons-annotations\7.0.3.Final\hibernate-commons-annotations-7.0.3.Final.jar;C:\Users\Nesrine.Dhouioui\.m2\repository\io\smallrye\jandex\3.2.0\jandex-3.2.0.jar;C:\Users\Nesrine.Dhouioui\.m2\repository\com\fasterxml\classmate\1.7.0\classmate-1.7.0.jar;C:\Users\Nesrine.Dhouioui\.m2\repository\net\bytebuddy\byte-buddy\1.15.11\byte-buddy-1.15.11.jar;C:\Users\Nesrine.Dhouioui\.m2\repository\org\glassfish\jaxb\jaxb-runtime\4.0.5\jaxb-runtime-4.0.5.jar;C:\Users\Nesrine.Dhouioui\.m2\repository\org\glassfish\jaxb\jaxb-core\4.0.5\jaxb-core-4.0.5.jar;C:\Users\Nesrine.Dhouioui\.m2\repository\org\eclipse\angus\angus-activation\2.0.2\angus-activation-2.0.2.jar;C:\Users\Nesrine.Dhouioui\.m2\repository\org\glassfish\jaxb\txw2\4.0.5\txw2-4.0.5.jar;C:\Users\Nesrine.Dhouioui\.m2\repository\com\sun\istack\istack-commons-runtime\4.1.2\istack-commons-runtime-4.1.2.jar;C:\Users\Nesrine.Dhouioui\.m2\repository\jakarta\inject\jakarta.inject-api\2.0.1\jakarta.inject-api-2.0.1.jar;C:\Users\Nesrine.Dhouioui\.m2\repository\org\antlr\antlr4-runtime\4.13.0\antlr4-runtime-4.13.0.jar;C:\Users\Nesrine.Dhouioui\.m2\repository\org\springframework\data\spring-data-jpa\3.4.2\spring-data-jpa-3.4.2.jar;C:\Users\Nesrine.Dhouioui\.m2\repository\org\springframework\data\spring-data-commons\3.4.2\spring-data-commons-3.4.2.jar;C:\Users\Nesrine.Dhouioui\.m2\repository\org\springframework\spring-orm\6.2.2\spring-orm-6.2.2.jar;C:\Users\Nesrine.Dhouioui\.m2\repository\org\springframework\spring-context\6.2.2\spring-context-6.2.2.jar;C:\Users\Nesrine.Dhouioui\.m2\repository\org\springframework\spring-aop\6.2.2\spring-aop-6.2.2.jar;C:\Users\Nesrine.Dhouioui\.m2\repository\org\springframework\spring-tx\6.2.2\spring-tx-6.2.2.jar;C:\Users\Nesrine.Dhouioui\.m2\repository\org\springframework\spring-beans\6.2.2\spring-beans-6.2.2.jar;C:\Users\Nesrine.Dhouioui\.m2\repository\org\slf4j\slf4j-api\2.0.16\slf4j-api-2.0.16.jar;C:\Users\Nesrine.Dhouioui\.m2\repository\org\springframework\spring-aspects\6.2.2\spring-aspects-6.2.2.jar;C:\Users\Nesrine.Dhouioui\.m2\repository\org\aspectj\aspectjweaver\1.9.22.1\aspectjweaver-1.9.22.1.jar;C:\Users\Nesrine.Dhouioui\.m2\repository\org\springframework\boot\spring-boot-starter-web\3.4.2\spring-boot-starter-web-3.4.2.jar;C:\Users\Nesrine.Dhouioui\.m2\repository\org\springframework\boot\spring-boot-starter-json\3.4.2\spring-boot-starter-json-3.4.2.jar;C:\Users\Nesrine.Dhouioui\.m2\repository\com\fasterxml\jackson\core\jackson-databind\2.18.2\jackson-databind-2.18.2.jar;C:\Users\Nesrine.Dhouioui\.m2\repository\com\fasterxml\jackson\core\jackson-annotations\2.18.2\jackson-annotations-2.18.2.jar;C:\Users\Nesrine.Dhouioui\.m2\repository\com\fasterxml\jackson\core\jackson-core\2.18.2\jackson-core-2.18.2.jar;C:\Users\Nesrine.Dhouioui\.m2\repository\com\fasterxml\jackson\datatype\jackson-datatype-jdk8\2.18.2\jackson-datatype-jdk8-2.18.2.jar;C:\Users\Nesrine.Dhouioui\.m2\repository\com\fasterxml\jackson\datatype\jackson-datatype-jsr310\2.18.2\jackson-datatype-jsr310-2.18.2.jar;C:\Users\Nesrine.Dhouioui\.m2\repository\com\fasterxml\jackson\module\jackson-module-parameter-names\2.18.2\jackson-module-parameter-names-2.18.2.jar;C:\Users\Nesrine.Dhouioui\.m2\repository\org\springframework\boot\spring-boot-starter-tomcat\3.4.2\spring-boot-starter-tomcat-3.4.2.jar;C:\Users\Nesrine.Dhouioui\.m2\repository\org\apache\tomcat\embed\tomcat-embed-core\10.1.34\tomcat-embed-core-10.1.34.jar;C:\Users\Nesrine.Dhouioui\.m2\repository\org\apache\tomcat\embed\tomcat-embed-el\10.1.34\tomcat-embed-el-10.1.34.jar;C:\Users\Nesrine.Dhouioui\.m2\repository\org\apache\tomcat\embed\tomcat-embed-websocket\10.1.34\tomcat-embed-websocket-10.1.34.jar;C:\Users\Nesrine.Dhouioui\.m2\repository\org\springframework\spring-web\6.2.2\spring-web-6.2.2.jar;C:\Users\Nesrine.Dhouioui\.m2\repository\io\micrometer\micrometer-observation\1.14.3\micrometer-observation-1.14.3.jar;C:\Users\Nesrine.Dhouioui\.m2\repository\io\micrometer\micrometer-commons\1.14.3\micrometer-commons-1.14.3.jar;C:\Users\Nesrine.Dhouioui\.m2\repository\org\springframework\spring-webmvc\6.2.2\spring-webmvc-6.2.2.jar;C:\Users\Nesrine.Dhouioui\.m2\repository\org\springframework\spring-expression\6.2.2\spring-expression-6.2.2.jar;C:\Users\Nesrine.Dhouioui\.m2\repository\org\postgresql\postgresql\42.7.5\postgresql-42.7.5.jar;C:\Users\Nesrine.Dhouioui\.m2\repository\org\checkerframework\checker-qual\3.48.3\checker-qual-3.48.3.jar;C:\Users\Nesrine.Dhouioui\.m2\repository\jakarta\xml\bind\jakarta.xml.bind-api\4.0.2\jakarta.xml.bind-api-4.0.2.jar;C:\Users\Nesrine.Dhouioui\.m2\repository\jakarta\activation\jakarta.activation-api\2.1.3\jakarta.activation-api-2.1.3.jar;C:\Users\Nesrine.Dhouioui\.m2\repository\org\springframework\spring-core\6.2.2\spring-core-6.2.2.jar;C:\Users\Nesrine.Dhouioui\.m2\repository\org\springframework\spring-jcl\6.2.2\spring-jcl-6.2.2.jar
Launcher Type: SUN_STANDARD

[Global flags]
     intx CICompilerCount                          = 3                                         {product} {ergonomic}
     uint ConcGCThreads                            = 1                                         {product} {ergonomic}
     uint G1ConcRefinementThreads                  = 4                                         {product} {ergonomic}
   size_t G1HeapRegionSize                         = 1048576                                   {product} {ergonomic}
   size_t InitialHeapSize                          = 134217728                                 {product} {ergonomic}
   size_t MarkStackSize                            = 4194304                                   {product} {ergonomic}
   size_t MarkStackSizeMax                         = 536870912                                 {product} {ergonomic}
   size_t MaxHeapSize                              = 2147483648                                {product} {ergonomic}
   size_t MaxNewSize                               = 1287651328                                {product} {ergonomic}
   size_t MinHeapDeltaBytes                        = 1048576                                   {product} {ergonomic}
   size_t MinHeapSize                              = 8388608                                   {product} {ergonomic}
    uintx NonNMethodCodeHeapSize                   = 5832704                                {pd product} {ergonomic}
    uintx NonProfiledCodeHeapSize                  = 122945536                              {pd product} {ergonomic}
    uintx ProfiledCodeHeapSize                     = 122880000                              {pd product} {ergonomic}
    uintx ReservedCodeCacheSize                    = 251658240                              {pd product} {ergonomic}
     bool SegmentedCodeCache                       = true                                      {product} {ergonomic}
   size_t SoftMaxHeapSize                          = 2147483648                             {manageable} {ergonomic}
     bool UseCompressedOops                        = true                           {product lp64_product} {ergonomic}
     bool UseG1GC                                  = true                                      {product} {ergonomic}
     bool UseLargePagesIndividualAllocation        = false                                  {pd product} {ergonomic}

Logging:
Log output configuration:
 #0: stdout all=warning uptime,level,tags foldmultilines=false
 #1: stderr all=off uptime,level,tags foldmultilines=false

Environment Variables:
PATH=C:\Program Files\Common Files\Oracle\Java\javapath;C:\Program Files\nodejs\;C:\Program Files\Git\cmd;C:\Users\Amine.ElMabrouk\AppData\Roaming\npm;C:\Users\Nesrine.Dhouioui\AppData\Local\Microsoft\WindowsApps;C:\Users\Nesrine.Dhouioui\AppData\Local\Programs\Microsoft VS Code\bin;C:\Users\Nesrine.Dhouioui\AppData\Roaming\npm
USERNAME=Nesrine.Dhouioui
OS=Windows_NT
PROCESSOR_IDENTIFIER=Intel64 Family 6 Model 45 Stepping 7, GenuineIntel
TMP=C:\Users\NESRIN~1.DHO\AppData\Local\Temp\2
TEMP=C:\Users\NESRIN~1.DHO\AppData\Local\Temp\2




Periodic native trim disabled

---------------  S Y S T E M  ---------------

OS:
 Windows Server 2016 , 64 bit Build 14393 (10.0.14393.5786)
OS uptime: 4 days 18:31 hours
VMWare virtualization detected

CPU: total 4 (initial active 4) (2 cores per cpu, 1 threads per core) family 6 model 45 stepping 7 microcode 0x718, cx8, cmov, fxsr, mmx, sse, sse2, sse3, ssse3, sse4.1, sse4.2, popcnt, tsc, tscinvbit, avx, aes, clmul, vzeroupper, clflush, hv, rdtscp
Processor Information for the first 4 processors :
  Max Mhz: 2400, Current Mhz: 2400, Mhz Limit: 2400

Memory: 4k page, system-wide physical 8191M (98M free)
TotalPageFile size 18368M (AvailPageFile size 2M)
current process WorkingSet (physical memory assigned to process): 93M, peak: 93M
current process commit charge ("private bytes"): 232M, peak: 232M

vm_info: OpenJDK 64-Bit Server VM (23.0.2+7-58) for windows-amd64 JRE (23.0.2+7-58), built on 2024-11-29T09:34:55Z with MS VC++ 17.6 (VS2022)

END.
